PRT1
228
769
4 0 1 (196 2192 0 ) (496 2192 0 ) (496 2192 176 ) (196 2192 176 ) 
4 1 3 (180 2176 0 ) (512 2176 0 ) (512 2176 48 ) (180 2176 48 ) 
4 1 2 (512 2176 48 ) (512 2176 176 ) (180 2176 176 ) (180 2176 48 ) 
4 2 52 (0 2048 48 ) (0 2048 248 ) (0 2176 248 ) (0 2176 48 ) 
4 2 8 (0 2048 248 ) (0 2048 48 ) (512 2048 48 ) (512 2048 248 ) 
4 2 3 (512 2048 48 ) (180 2048 48 ) (180 2176 48 ) (512 2176 48 ) 
4 3 9 (512 2048 48 ) (180 2048 48 ) (180 2048 0 ) (512 2048 0 ) 
4 4 6 (1501 1888 852 ) (1501 1888 800 ) (1501 1540.916260 800 ) (1501 1562.330078 852 ) 
4 4 5 (1501 1888 1312 ) (1501 1888 852 ) (1501 1376 852 ) (1501 1376 1312 ) 
4 5 6 (1499 1562.330078 852 ) (1499 1888 852 ) (1501 1888 852 ) (1501 1562.330078 852 ) 
4 5 7 (1499 1888 1312 ) (1499 1888 852 ) (1499 1376 852 ) (1499 1376 1312 ) 
4 6 7 (1499 1888 852 ) (1499 1888 800 ) (1499 1540.916260 800 ) (1499 1562.330078 852 ) 
4 8 66 (0 1280 48 ) (0 1280 248 ) (0 2048 248 ) (0 2048 48 ) 
4 8 10 (180 1280 48 ) (512 1280 48 ) (512 1280 176 ) (180 1280 176 ) 
4 8 9 (512 1280 48 ) (180 1280 48 ) (180 2048 48 ) (512 2048 48 ) 
4 9 10 (512 1280 48 ) (180 1280 48 ) (180 1280 0 ) (512 1280 0 ) 
4 10 11 (196 1264 0 ) (496 1264 0 ) (496 1264 176 ) (196 1264 176 ) 
4 11 12 (496 1248 0 ) (496 1248 176 ) (196 1248 176 ) (196 1248 0 ) 
4 12 88 (196 1024 176 ) (196 1024 0 ) (496 1024 0 ) (496 1024 176 ) 
4 13 22 (-1024 3200 240 ) (-1024 3584 240 ) (-1024 3584 176 ) (-1024 3200 176 ) 
4 13 17 (-1024 3200 176 ) (-1024 3584 176 ) (-1016 3584 176 ) (-1016 3200 176 ) 
4 14 50 (-444 3072 176 ) (-744 3072 176 ) (-744 3072 48 ) (-444 3072 48 ) 
4 14 18 (-444 3072 48 ) (-744 3072 48 ) (-744 3920 48 ) (-444 3920 48 ) 
4 14 15 (-744 3584 48 ) (-744 3328 48 ) (-744 3328 176 ) (-744 3584 176 ) 
4 15 19 (-872 3584 48 ) (-744 3584 48 ) (-744 3328 48 ) (-872 3328 48 ) 
4 15 16 (-1000 3452 48 ) (-1000 3404 48 ) (-1000 3404 156 ) (-1000 3452 156 ) 
4 16 17 (-1016 3452 48 ) (-1016 3404 48 ) (-1016 3404 156 ) (-1016 3452 156 ) 
4 17 22 (-1024 3200 176 ) (-1024 3584 176 ) (-1024 3584 48 ) (-1024 3200 48 ) 
4 18 50 (-444 3072 48 ) (-744 3072 48 ) (-744 3072 0 ) (-444 3072 0 ) 
4 18 19 (-744 3584 0 ) (-744 3328 0 ) (-744 3328 48 ) (-744 3584 48 ) 
4 20 33 (-1760 3887 272 ) (-1824 3887 272 ) (-1824 3887 208 ) (-1760 3887 208 ) 
4 21 33 (-1888 3887 272 ) (-1952 3887 272 ) (-1952 3887 208 ) (-1888 3887 208 ) 
4 22 23 (-1336 3200 48 ) (-1272 3200 48 ) (-1272 3200 128 ) (-1336 3200 128 ) 
4 23 55 (-1336 3072 128 ) (-1336 3072 48 ) (-1272 3072 48 ) (-1272 3072 128 ) 
3 24 34 (-2048 3829 336 ) (-2048 3823 336 ) (-2048 3823 342 ) 
4 24 25 (-2048 3823 336 ) (-1600 3823 336 ) (-1600 3823 342 ) (-2048 3823 342 ) 
4 24 33 (-2048 3823 336 ) (-2048 3829 336 ) (-1600 3829 336 ) (-1600 3823 336 ) 
4 25 35 (-2048 3599 368 ) (-2048 3823 368 ) (-2048 3823 336 ) (-2048 3599 336 ) 
4 25 27 (-2048 3599 336 ) (-1600 3599 336 ) (-1600 3599 342 ) (-2048 3599 342 ) 
4 25 33 (-2048 3599 336 ) (-2048 3823 336 ) (-1600 3823 336 ) (-1600 3599 336 ) 
3 26 36 (-2048 3541 336 ) (-2048 3535 336 ) (-2048 3535 342 ) 
4 26 28 (-2048 3535 336 ) (-1600 3535 336 ) (-1600 3535 342 ) (-2048 3535 342 ) 
4 26 33 (-2048 3535 336 ) (-2048 3541 336 ) (-1600 3541 336 ) (-1600 3535 336 ) 
3 27 37 (-2048 3599 342 ) (-2048 3599 336 ) (-2048 3593 336 ) 
4 27 33 (-2048 3593 336 ) (-2048 3599 336 ) (-1600 3599 336 ) (-1600 3593 336 ) 
4 28 38 (-2048 3343 368 ) (-2048 3535 368 ) (-2048 3535 336 ) (-2048 3343 336 ) 
4 28 30 (-2048 3343 336 ) (-1600 3343 336 ) (-1600 3343 342 ) (-2048 3343 342 ) 
4 28 33 (-2048 3343 336 ) (-2048 3535 336 ) (-1600 3535 336 ) (-1600 3343 336 ) 
3 29 39 (-2048 3285 336 ) (-2048 3279 336 ) (-2048 3279 342 ) 
4 29 31 (-2048 3279 336 ) (-1600 3279 336 ) (-1600 3279 342 ) (-2048 3279 342 ) 
4 29 33 (-2048 3279 336 ) (-2048 3285 336 ) (-1600 3285 336 ) (-1600 3279 336 ) 
3 30 40 (-2048 3343 342 ) (-2048 3343 336 ) (-2048 3337 336 ) 
4 30 33 (-2048 3337 336 ) (-2048 3343 336 ) (-1600 3343 336 ) (-1600 3337 336 ) 
4 31 41 (-2048 3087 368 ) (-2048 3279 368 ) (-2048 3279 336 ) (-2048 3087 336 ) 
4 31 32 (-2048 3087 336 ) (-1600 3087 336 ) (-1600 3087 342.011444 ) (-2048 3087 342.011444 ) 
4 31 33 (-2048 3087 336 ) (-2048 3279 336 ) (-1600 3279 336 ) (-1600 3087 336 ) 
3 32 42 (-2048 3087 342.011444 ) (-2048 3087 336 ) (-2048 3080.988525 336 ) 
4 32 33 (-2048 3080.988525 336 ) (-2048 3087 336 ) (-1600 3087 336 ) (-1600 3080.988525 336 ) 
4 33 62 (-2048 3072 336 ) (-2048 3072 48 ) (-1600 3072 48 ) (-1600 3072 336 ) 
4 33 43 (-2048 3072 48 ) (-2048 3072 336 ) (-2048 3887 336 ) (-2048 3887 48 ) 
4 34 44 (-2368 3823 336 ) (-2368 3829 336 ) (-2112 3829 336 ) (-2112 3823 336 ) 
4 34 43 (-2112 3829 336 ) (-2048 3829 336 ) (-2048 3823 336 ) (-2112 3823 336 ) 
4 34 35 (-2368 3823 336 ) (-2048 3823 336 ) (-2048 3823 342 ) (-2368 3823 342 ) 
4 35 44 (-2368 3599 336 ) (-2368 3823 336 ) (-2112 3823 336 ) (-2112 3599 336 ) 
4 35 43 (-2112 3823 336 ) (-2048 3823 336 ) (-2048 3599 336 ) (-2112 3599 336 ) 
4 35 37 (-2368 3599 336 ) (-2048 3599 336 ) (-2048 3599 342 ) (-2368 3599 342 ) 
4 36 44 (-2368 3535 336 ) (-2368 3541 336 ) (-2112 3541 336 ) (-2112 3535 336 ) 
4 36 43 (-2112 3541 336 ) (-2048 3541 336 ) (-2048 3535 336 ) (-2112 3535 336 ) 
4 36 38 (-2368 3535 336 ) (-2048 3535 336 ) (-2048 3535 342 ) (-2368 3535 342 ) 
4 37 44 (-2368 3593 336 ) (-2368 3599 336 ) (-2112 3599 336 ) (-2112 3593 336 ) 
4 37 43 (-2112 3599 336 ) (-2048 3599 336 ) (-2048 3593 336 ) (-2112 3593 336 ) 
4 38 44 (-2368 3343 336 ) (-2368 3535 336 ) (-2112 3535 336 ) (-2112 3343 336 ) 
4 38 43 (-2112 3535 336 ) (-2048 3535 336 ) (-2048 3343 336 ) (-2112 3343 336 ) 
4 38 40 (-2368 3343 336 ) (-2048 3343 336 ) (-2048 3343 342 ) (-2368 3343 342 ) 
4 39 44 (-2368 3279 336 ) (-2368 3285 336 ) (-2112 3285 336 ) (-2112 3279 336 ) 
4 39 43 (-2112 3285 336 ) (-2048 3285 336 ) (-2048 3279 336 ) (-2112 3279 336 ) 
4 39 41 (-2368 3279 336 ) (-2048 3279 336 ) (-2048 3279 342 ) (-2368 3279 342 ) 
4 40 44 (-2368 3337 336 ) (-2368 3343 336 ) (-2112 3343 336 ) (-2112 3337 336 ) 
4 40 43 (-2112 3343 336 ) (-2048 3343 336 ) (-2048 3337 336 ) (-2112 3337 336 ) 
4 41 44 (-2368 3087 336 ) (-2368 3279 336 ) (-2112 3279 336 ) (-2112 3087 336 ) 
4 41 43 (-2112 3279 336 ) (-2048 3279 336 ) (-2048 3087 336 ) (-2112 3087 336 ) 
4 41 42 (-2368 3087 336 ) (-2048 3087 336 ) (-2048 3087 342.011444 ) (-2368 3087 342.011444 ) 
4 42 44 (-2368 3080.988525 336 ) (-2368 3087 336 ) (-2112 3087 336 ) (-2112 3080.988525 336 ) 
4 42 43 (-2112 3087 336 ) (-2048 3087 336 ) (-2048 3080.988525 336 ) (-2112 3080.988525 336 ) 
4 43 84 (-2048 3072 48 ) (-2048 3072 336 ) (-2112 3072 336 ) (-2112 3072 48 ) 
4 43 44 (-2112 3072 176 ) (-2112 3072 336 ) (-2112 3887 336 ) (-2112 3887 176 ) 
4 44 85 (-2112 3072 336 ) (-2368 3072 336 ) (-2368 3072 176 ) (-2112 3072 176 ) 
4 44 46 (-2368 3120 304 ) (-2368 3176 304 ) (-2368 3176 176 ) (-2368 3120 176 ) 
4 44 45 (-2368 3176 304 ) (-2368 3183 304 ) (-2368 3183 176 ) (-2368 3176 176 ) 
4 45 46 (-2384 3176 176 ) (-2368 3176 176 ) (-2368 3176 304 ) (-2384 3176 304 ) 
4 46 47 (-2384 3176 288 ) (-2384 3176 176 ) (-2384 3120 176 ) (-2384 3120 288 ) 
4 47 48 (-2400 3176 176 ) (-2400 3120 176 ) (-2400 3120 288 ) (-2400 3176 288 ) 
4 48 49 (-2416 3120 296 ) (-2416 3183 296 ) (-2416 3183 176 ) (-2416 3120 176 ) 
4 49 87 (-2608 3072 296 ) (-2736 3072 296 ) (-2736 3072 176 ) (-2608 3072 176 ) 
4 49 86 (-2608 3072 416 ) (-2736 3072 416 ) (-2736 3072 296 ) (-2608 3072 296 ) 
4 50 51 (-744 2192 0 ) (-444 2192 0 ) (-444 2192 176 ) (-744 2192 176 ) 
4 51 53 (-760 2176 0 ) (-428 2176 0 ) (-428 2176 48 ) (-760 2176 48 ) 
4 51 52 (-428 2176 48 ) (-428 2176 176 ) (-760 2176 176 ) (-760 2176 48 ) 
4 52 66 (0 2048 48 ) (0 2048 248 ) (-760 2048 248 ) (-760 2048 48 ) 
4 52 53 (-428 2048 48 ) (-760 2048 48 ) (-760 2176 48 ) (-428 2176 48 ) 
4 53 67 (-428 2048 48 ) (-760 2048 48 ) (-760 2048 0 ) (-428 2048 0 ) 
4 54 58 (-1272 2928 128 ) (-1336 2928 128 ) (-1336 2992 128 ) (-1272 2992 128 ) 
4 55 56 (-1336 2992 128 ) (-1336 2992 48 ) (-1272 3056 48 ) (-1272 3056 128 ) 
4 56 58 (-1336 2992 48 ) (-1272 2992 48 ) (-1272 2992 128 ) (-1336 2992 128 ) 
4 57 62 (-1600 2928 48 ) (-1600 2928 128 ) (-1600 2992 128 ) (-1600 2992 48 ) 
4 57 58 (-1400 2928 48 ) (-1336 2992 48 ) (-1336 2992 128 ) (-1400 2928 128 ) 
3 59 81 (-2048 3029 336 ) (-2048 3023 336 ) (-2048 3023 342 ) 
4 59 62 (-2048 3023 336 ) (-2048 3029 336 ) (-1600 3029 336 ) (-1600 3023 336 ) 
4 59 60 (-2048 3023 336 ) (-1600 3023 336 ) (-1600 3023 342 ) (-2048 3023 342 ) 
4 60 82 (-2048 3023 336 ) (-2048 2927 336 ) (-2048 2927 368 ) (-2048 3023 368 ) 
4 60 62 (-2048 2927 336 ) (-2048 3023 336 ) (-1600 3023 336 ) (-1600 2927 336 ) 
4 60 61 (-2048 2927 336 ) (-1600 2927 336 ) (-1600 2927 342 ) (-2048 2927 342 ) 
3 61 83 (-2048 2927 336 ) (-2048 2921 336 ) (-2048 2927 342 ) 
4 61 62 (-2048 2921 336 ) (-2048 2927 336 ) (-1600 2927 336 ) (-1600 2921 336 ) 
4 62 84 (-2048 3072 336 ) (-2048 3072 48 ) (-2048 2863 48 ) (-2048 2863 336 ) 
4 63 65 (-192 1472 256 ) (-192 1776 256 ) (-64 1776 256 ) (-64 1472 256 ) 
4 63 64 (-192 1472 256 ) (-192 1280 256 ) (-192 1280 384 ) (-192 1472 384 ) 
4 65 66 (-192 1472 248 ) (-192 1776 248 ) (-64 1776 248 ) (-64 1472 248 ) 
4 66 68 (-428 1280 176 ) (-760 1280 176 ) (-760 1280 48 ) (-428 1280 48 ) 
4 66 67 (-428 1280 48 ) (-760 1280 48 ) (-760 2048 48 ) (-428 2048 48 ) 
4 67 68 (-428 1280 48 ) (-760 1280 48 ) (-760 1280 0 ) (-428 1280 0 ) 
4 68 78 (-744 1264 0 ) (-612 1264 0 ) (-612 1264 80 ) (-744 1264 80 ) 
4 68 76 (-612 1264 80 ) (-612 1264 176 ) (-744 1264 176 ) (-744 1264 80 ) 
4 68 74 (-612 1264 0 ) (-580 1264 0 ) (-580 1264 176 ) (-612 1264 176 ) 
4 68 71 (-580 1264 0 ) (-444 1264 0 ) (-444 1264 80 ) (-580 1264 80 ) 
4 68 69 (-444 1264 80 ) (-444 1264 176 ) (-580 1264 176 ) (-580 1264 80 ) 
4 69 74 (-580 1248 176 ) (-580 1264 176 ) (-580 1264 80 ) (-580 1248 80 ) 
4 69 71 (-580 1248 80 ) (-580 1264 80 ) (-444 1264 80 ) (-444 1248 80 ) 
4 69 70 (-580 1248 176 ) (-580 1248 80 ) (-444 1248 80 ) (-444 1248 176 ) 
4 70 221 (-444 1024 80 ) (-444 1024 176 ) (-580 1024 176 ) (-580 1024 80 ) 
4 70 75 (-580 1024 80 ) (-580 1024 176 ) (-580 1248 176 ) (-580 1248 80 ) 
4 70 72 (-580 1176 80 ) (-580 1248 80 ) (-444 1248 80 ) (-444 1176 80 ) 
4 70 73 (-580 1024 80 ) (-580 1152 80 ) (-444 1152 80 ) (-444 1024 80 ) 
4 71 74 (-580 1264 0 ) (-580 1248 0 ) (-580 1248 80 ) (-580 1264 80 ) 
4 71 72 (-444 1248 0 ) (-444 1248 80 ) (-580 1248 80 ) (-580 1248 0 ) 
4 72 75 (-580 1248 0 ) (-580 1200 0 ) (-580 1176 80 ) (-580 1248 80 ) 
4 73 221 (-580 1024 0 ) (-444 1024 0 ) (-444 1024 80 ) (-580 1024 80 ) 
4 73 75 (-580 1152 0 ) (-580 1024 0 ) (-580 1024 80 ) (-580 1152 80 ) 
4 74 78 (-612 1264 0 ) (-612 1248 0 ) (-612 1248 80 ) (-612 1264 80 ) 
4 74 76 (-612 1248 80 ) (-612 1248 176 ) (-612 1264 176 ) (-612 1264 80 ) 
4 74 75 (-612 1248 176 ) (-612 1248 0 ) (-580 1248 0 ) (-580 1248 176 ) 
4 75 221 (-612 1024 0 ) (-580 1024 0 ) (-580 1024 176 ) (-612 1024 176 ) 
4 75 79 (-612 1248 0 ) (-612 1200 0 ) (-612 1176 80 ) (-612 1248 80 ) 
4 75 80 (-612 1152 0 ) (-612 1024 0 ) (-612 1024 80 ) (-612 1152 80 ) 
4 75 77 (-612 1024 80 ) (-612 1024 176 ) (-612 1248 176 ) (-612 1248 80 ) 
4 76 78 (-744 1248 80 ) (-744 1264 80 ) (-612 1264 80 ) (-612 1248 80 ) 
4 76 77 (-744 1248 176 ) (-744 1248 80 ) (-612 1248 80 ) (-612 1248 176 ) 
4 77 221 (-612 1024 80 ) (-612 1024 176 ) (-744 1024 176 ) (-744 1024 80 ) 
4 77 79 (-744 1176 80 ) (-744 1248 80 ) (-612 1248 80 ) (-612 1176 80 ) 
4 77 80 (-744 1024 80 ) (-744 1152 80 ) (-612 1152 80 ) (-612 1024 80 ) 
4 78 79 (-612 1248 0 ) (-612 1248 80 ) (-744 1248 80 ) (-744 1248 0 ) 
4 80 221 (-744 1024 0 ) (-612 1024 0 ) (-612 1024 80 ) (-744 1024 80 ) 
4 81 85 (-2368 3023 336 ) (-2368 3029 336 ) (-2112 3029 336 ) (-2112 3023 336 ) 
4 81 84 (-2112 3029 336 ) (-2048 3029 336 ) (-2048 3023 336 ) (-2112 3023 336 ) 
4 81 82 (-2368 3023 336 ) (-2048 3023 336 ) (-2048 3023 342 ) (-2368 3023 342 ) 
4 82 85 (-2368 2927 336 ) (-2368 3023 336 ) (-2112 3023 336 ) (-2112 2927 336 ) 
4 82 84 (-2112 3023 336 ) (-2048 3023 336 ) (-2048 2927 336 ) (-2112 2927 336 ) 
4 82 83 (-2368 2927 336 ) (-2048 2927 336 ) (-2048 2927 342 ) (-2368 2927 342 ) 
4 83 85 (-2368 2921 336 ) (-2368 2927 336 ) (-2112 2927 336 ) (-2112 2921 336 ) 
4 83 84 (-2112 2927 336 ) (-2048 2927 336 ) (-2048 2921 336 ) (-2112 2921 336 ) 
4 84 85 (-2112 2863 176 ) (-2112 2863 336 ) (-2112 3072 336 ) (-2112 3072 176 ) 
4 86 87 (-2736 3072 296 ) (-2608 3072 296 ) (-2608 2896 296 ) (-2736 2896 296 ) 
4 88 89 (496 416 0 ) (496 416 176 ) (196 416 176 ) (196 416 0 ) 
4 89 90 (196 400 0 ) (496 400 0 ) (496 400 176 ) (196 400 176 ) 
4 90 93 (180 384 48 ) (180 384 0 ) (512 384 0 ) (512 384 48 ) 
4 90 92 (512 384 176 ) (180 384 176 ) (180 384 48 ) (512 384 48 ) 
4 91 210 (688 0 77.635498 ) (688 0 48 ) (816 0 48 ) (816 0 77.635498 ) 
4 91 104 (688 0 176 ) (688 0 77.635498 ) (816 0 77.635498 ) (816 0 176 ) 
4 91 99 (688 0 248 ) (688 0 176 ) (816 0 176 ) (816 0 248 ) 
4 91 92 (688 384 248 ) (688 384 48 ) (688 0 48 ) (688 0 248 ) 
4 92 222 (0 0 48 ) (0 0 248 ) (0 384 248 ) (0 384 48 ) 
4 92 210 (0 0 77.635498 ) (0 0 48 ) (688 0 48 ) (688 0 77.635498 ) 
4 92 132 (0 0 129.634995 ) (0 0 77.635498 ) (180 0 77.635498 ) (180 0 129.634995 ) 
4 92 120 (337.174561 0 77.635498 ) (343.144989 0 77.635498 ) (343.152710 0 129.634995 ) (337.170685 0 129.634995 ) 
4 92 118 (343.144989 0 77.635498 ) (512 0 77.635498 ) (512 0 129.634995 ) (343.152710 0 129.634995 ) 
4 92 116 (329.475830 0 77.635498 ) (337.174561 0 77.635498 ) (337.170685 0 129.634995 ) (329.479004 0 129.634995 ) 
4 92 111 (180.831909 0 127.635002 ) (180 0 127.635002 ) (180 0 85.635498 ) (180.308929 0 85.635498 ) 
4 92 110 (329.476318 0 85.635498 ) (329.478882 0 127.635002 ) (180.831909 0 127.635002 ) (180.308929 0 85.635498 ) 
4 92 107 (329.478882 0 127.635002 ) (329.479004 0 129.634995 ) (180 0 129.634995 ) (180 0 127.635002 ) 
4 92 113 (180 0 77.635498 ) (329.475830 0 77.635498 ) (329.476318 0 85.635498 ) (180 0 85.635498 ) 
4 92 106 (0 0 176 ) (0 0 129.634995 ) (180 0 129.634995 ) (180 0 176 ) 
4 92 105 (180 0 129.634995 ) (512 0 129.634995 ) (512 0 176 ) (180 0 176 ) 
4 92 104 (512 0 77.635498 ) (688 0 77.635498 ) (688 0 176 ) (512 0 176 ) 
4 92 100 (96 0 216 ) (96 0 248 ) (92 0 248 ) (92 0 216 ) 
4 92 102 (92 0 176 ) (96 0 176 ) (96 0 216 ) (92 0 216 ) 
4 92 99 (96 0 176 ) (688 0 176 ) (688 0 248 ) (96 0 248 ) 
4 92 103 (0 0 248 ) (0 0 176 ) (92 0 176 ) (92 0 248 ) 
4 92 93 (512 0 48 ) (180 0 48 ) (180 384 48 ) (512 384 48 ) 
4 93 213 (512 0 48 ) (180 0 48 ) (180 0 0 ) (512 0 0 ) 
4 94 98 (688 -192 256 ) (816 -192 256 ) (816 -512 256 ) (688 -512 256 ) 
4 94 95 (688 -512 256 ) (688 -704 256 ) (688 -704 384 ) (688 -512 384 ) 
4 95 225 (0 -704 384 ) (0 -512 384 ) (0 -512 256 ) (0 -704 256 ) 
4 95 96 (132 -704 256 ) (560 -704 256 ) (560 -704 384 ) (132 -704 384 ) 
4 96 97 (132 -832 256 ) (560 -832 256 ) (560 -832 384 ) (132 -832 384 ) 
4 97 226 (0 -1024 256 ) (0 -1024 384 ) (0 -832 384 ) (0 -832 256 ) 
4 97 215 (0 -1024 384 ) (0 -1024 256 ) (816 -1024 256 ) (816 -1024 384 ) 
4 98 99 (816 -192 248 ) (816 -512 248 ) (688 -512 248 ) (688 -192 248 ) 
4 99 106 (180 -512 176 ) (96 -512 176 ) (96 0 176 ) (180 0 176 ) 
4 99 105 (512 -512 176 ) (180 -512 176 ) (180 0 176 ) (512 0 176 ) 
4 99 104 (816 0 176 ) (816 -512 176 ) (512 -512 176 ) (512 0 176 ) 
4 99 101 (96 -512 216 ) (96 -512 248 ) (96 -80 248 ) (96 -80 216 ) 
4 99 100 (96 -16 248 ) (96 0 248 ) (96 0 216 ) (96 -16 216 ) 
4 99 102 (96 0 176 ) (96 -512 176 ) (96 -512 216 ) (96 0 216 ) 
4 100 102 (92 -16 216 ) (92 0 216 ) (96 0 216 ) (96 -16 216 ) 
4 100 103 (92 -16 248 ) (92 0 248 ) (92 0 216 ) (92 -16 216 ) 
4 101 103 (92 -512 216 ) (92 -512 248 ) (92 -80 248 ) (92 -80 216 ) 
4 101 102 (92 -512 216 ) (92 -80 216 ) (96 -80 216 ) (96 -512 216 ) 
4 102 106 (96 -512 176 ) (92 -512 176 ) (92 0 176 ) (96 0 176 ) 
4 102 103 (92 0 176 ) (92 -512 176 ) (92 -512 216 ) (92 0 216 ) 
4 103 224 (0 -512 248 ) (0 -192 248 ) (0 -192 176 ) (0 -512 176 ) 
4 103 223 (0 -192 248 ) (0 0 248 ) (0 0 176 ) (0 -192 176 ) 
4 103 106 (92 -512 176 ) (0 -512 176 ) (0 0 176 ) (92 0 176 ) 
4 104 210 (512 0 77.635498 ) (816 0 77.635498 ) (816 -512 77.635498 ) (512 -512 77.635498 ) 
4 104 118 (512 0 77.635498 ) (512 -512 77.635498 ) (512 -512 129.634995 ) (512 0 129.634995 ) 
4 104 105 (512 -512 129.634995 ) (512 -512 176 ) (512 0 176 ) (512 0 129.634995 ) 
4 105 185 (211.820679 -528 176 ) (196 -528 176 ) (196 -528 129.634995 ) (211.820679 -528 129.634995 ) 
4 105 133 (496 -528 176 ) (211.820679 -528 176 ) (211.820679 -528 129.634995 ) (496 -528 129.634995 ) 
3 105 131 (224.479813 -513.439331 129.634995 ) (220.780426 -517.810669 129.634995 ) (220.209885 -514.874390 129.634995 ) 
5 105 130 (180 -307.931366 129.634995 ) (180 -259.487946 129.634995 ) (228.257843 -508.975067 129.634995 ) (224.479813 -513.439331 129.634995 ) (220.209885 -514.874390 129.634995 ) 
4 105 129 (215.808746 -523.685425 129.634995 ) (215.234009 -520.721008 129.634995 ) (220.204819 -514.848267 129.634995 ) (220.780426 -517.810669 129.634995 ) 
5 105 128 (215.234009 -520.721008 129.634995 ) (180 -338.989960 129.634995 ) (180 -310.501099 129.634995 ) (219.494827 -511.194214 129.634995 ) (220.204819 -514.848267 129.634995 ) 
3 105 127 (180 -310.501099 129.634995 ) (180 -307.931366 129.634995 ) (219.494827 -511.194214 129.634995 ) 
5 105 126 (220.780823 -517.812744 129.634995 ) (220.780426 -517.810669 129.634995 ) (224.479813 -513.439331 129.634995 ) (228.838043 -511.974609 129.634995 ) (229.407089 -514.916565 129.634995 ) 
3 105 125 (224.479813 -513.439331 129.634995 ) (228.257843 -508.975067 129.634995 ) (228.838043 -511.974609 129.634995 ) 
4 105 124 (231.937805 -528 129.634995 ) (222.760254 -528 129.634995 ) (220.780823 -517.812744 129.634995 ) (229.407089 -514.916565 129.634995 ) 
4 105 123 (222.760254 -528 129.634995 ) (216.645248 -528 129.634995 ) (215.808746 -523.685425 129.634995 ) (220.780426 -517.810669 129.634995 ) 
3 105 122 (216.645248 -528 129.634995 ) (180 -528 129.634995 ) (180 -338.989960 129.634995 ) 
4 105 121 (300.247742 -519.037781 129.634995 ) (300.460144 -516.051941 129.634995 ) (306.110046 -521.250977 129.634995 ) (305.897980 -524.235291 129.634995 ) 
4 105 120 (300.460144 -516.051941 129.634995 ) (337.170685 0 129.634995 ) (343.152710 0 129.634995 ) (306.110046 -521.250977 129.634995 ) 
4 105 119 (305.630432 -528 129.634995 ) (299.610199 -528 129.634995 ) (300.247742 -519.037781 129.634995 ) (305.897980 -524.235291 129.634995 ) 
4 105 118 (512 0 129.634995 ) (512 -528 129.634995 ) (305.630432 -528 129.634995 ) (343.152710 0 129.634995 ) 
4 105 117 (291.154877 -516.227661 129.634995 ) (291.376007 -513.248901 129.634995 ) (300.460205 -516.051331 129.634995 ) (300.247467 -519.041870 129.634995 ) 
4 105 116 (291.376007 -513.248901 129.634995 ) (329.479004 0 129.634995 ) (337.170685 0 129.634995 ) (300.460205 -516.051331 129.634995 ) 
4 105 115 (299.610199 -528 129.634995 ) (290.280914 -528 129.634995 ) (291.154877 -516.227661 129.634995 ) (300.247467 -519.041870 129.634995 ) 
5 105 107 (290.280914 -528 129.634995 ) (231.937805 -528 129.634995 ) (180 -259.487946 129.634995 ) (180 0 129.634995 ) (329.479004 0 129.634995 ) 
4 105 106 (180 0 129.634995 ) (180 -512 129.634995 ) (180 -512 176 ) (180 0 176 ) 
4 106 224 (0 -512 176 ) (0 -192 176 ) (0 -192 129.634995 ) (0 -512 129.634995 ) 
4 106 223 (0 -192 176 ) (0 0 176 ) (0 0 129.634995 ) (0 -192 129.634995 ) 
4 106 132 (0 -512 129.634995 ) (0 0 129.634995 ) (180 0 129.634995 ) (180 -512 129.634995 ) 
4 107 151 (290.280792 -528 127.635002 ) (290.280853 -528 128.634995 ) (231.937561 -528 128.634995 ) (231.937332 -528 127.635002 ) 
4 107 134 (290.280853 -528 128.634995 ) (290.280914 -528 129.634995 ) (231.937805 -528 129.634995 ) (231.937561 -528 128.634995 ) 
4 107 132 (180 -259.490387 127.635002 ) (180 -259.487946 129.634995 ) (180 0 129.634995 ) (180 0 127.635002 ) 
4 107 130 (180 -259.489594 129.634995 ) (180 -259.492035 127.635002 ) (228.242569 -508.900208 127.635002 ) (228.257584 -508.975372 129.634995 ) 
4 107 126 (228.822586 -511.898804 127.635002 ) (229.391708 -514.841125 127.635002 ) (229.406799 -514.916687 129.634995 ) (228.837738 -511.974701 129.634995 ) 
4 107 125 (228.242569 -508.900208 127.635002 ) (228.822586 -511.898804 127.635002 ) (228.837738 -511.974701 129.634995 ) (228.257584 -508.975372 129.634995 ) 
4 107 124 (229.391708 -514.841125 127.635002 ) (231.937012 -528 127.635002 ) (231.937485 -528 129.634995 ) (229.406799 -514.916687 129.634995 ) 
4 107 117 (291.375763 -513.248779 129.634995 ) (291.154633 -516.227539 129.634995 ) (291.160217 -516.150757 127.635002 ) (291.381348 -513.172058 127.635002 ) 
4 107 116 (329.478790 0 129.634995 ) (291.375763 -513.248779 129.634995 ) (291.381348 -513.172058 127.635002 ) (329.478668 0 127.635002 ) 
4 107 115 (291.154633 -516.227539 129.634995 ) (290.280670 -528 129.634995 ) (290.280548 -528 127.635002 ) (291.160217 -516.150757 127.635002 ) 
4 107 112 (278.545959 -516.749023 127.635002 ) (241.450974 -516.651001 127.635002 ) (240.872986 -513.699951 127.635002 ) (277.987915 -513.797913 127.635002 ) 
5 107 111 (240.872986 -513.699951 127.635002 ) (180 -202.905319 127.635002 ) (180 0 127.635002 ) (180.831894 0 127.635002 ) (277.987915 -513.797913 127.635002 ) 
4 107 110 (329.480225 0 127.635002 ) (291.114899 -516.782227 127.635002 ) (278.545959 -516.749023 127.635002 ) (180.831894 0 127.635002 ) 
4 107 109 (241.450974 -516.651001 127.635002 ) (229.736160 -516.620056 127.635002 ) (180 -259.490204 127.635002 ) (180 -202.905319 127.635002 ) 
4 107 108 (291.114899 -516.782227 127.635002 ) (290.282104 -528 127.635002 ) (231.937363 -528 127.635002 ) (229.736160 -516.620056 127.635002 ) 
4 108 151 (290.278198 -528 85.635498 ) (290.280792 -528 127.635002 ) (231.937332 -528 127.635002 ) (231.927399 -528 85.635498 ) 
4 108 124 (229.786499 -516.933472 85.635498 ) (231.927078 -528 85.635498 ) (231.937012 -528 127.635002 ) (229.735809 -516.620056 127.635002 ) 
4 108 115 (290.280548 -528 127.635002 ) (290.277954 -528 85.635498 ) (291.087494 -517.095276 85.635498 ) (291.113342 -516.782227 127.635002 ) 
4 108 112 (278.082001 -517.061035 85.635498 ) (240.985992 -516.963074 85.635498 ) (241.450974 -516.651001 127.635002 ) (278.545959 -516.748962 127.635002 ) 
4 108 110 (291.085266 -517.095337 85.635498 ) (278.082001 -517.061035 85.635498 ) (278.545959 -516.748962 127.635002 ) (291.114624 -516.782166 127.635002 ) 
4 108 109 (240.985992 -516.963074 85.635498 ) (229.786819 -516.933472 85.635498 ) (229.736130 -516.620056 127.635002 ) (241.450974 -516.651001 127.635002 ) 
4 108 113 (291.085815 -517.095276 85.635498 ) (290.276276 -528 85.635498 ) (231.927444 -528 85.635498 ) (229.786865 -516.933472 85.635498 ) 
4 109 132 (180 -259.541718 85.635498 ) (180 -259.490387 127.635002 ) (180 -202.905319 127.635002 ) (180 -205.591385 85.635498 ) 
4 109 130 (180 -259.492035 127.635002 ) (180 -259.543396 85.635498 ) (227.927383 -507.322113 85.635498 ) (228.242569 -508.900238 127.635002 ) 
4 109 126 (228.504211 -510.304230 85.635498 ) (229.075027 -513.255249 85.635498 ) (229.391708 -514.841125 127.635002 ) (228.822571 -511.898773 127.635002 ) 
4 109 125 (227.927383 -507.322113 85.635498 ) (228.504211 -510.304230 85.635498 ) (228.822571 -511.898773 127.635002 ) (228.242569 -508.900238 127.635002 ) 
4 109 124 (229.075027 -513.255249 85.635498 ) (229.786499 -516.933472 85.635498 ) (229.735809 -516.620056 127.635002 ) (229.391708 -514.841125 127.635002 ) 
4 109 112 (241.450958 -516.650146 127.635002 ) (240.985977 -516.962158 85.635498 ) (240.408157 -514.011963 85.635498 ) (240.873138 -513.699951 127.635002 ) 
4 109 111 (240.408157 -514.011963 85.635498 ) (180 -205.590576 85.635498 ) (180 -202.904572 127.635002 ) (240.873138 -513.699951 127.635002 ) 
4 109 113 (240.985992 -516.963013 85.635498 ) (229.786865 -516.933472 85.635498 ) (180 -259.541473 85.635498 ) (180 -205.591385 85.635498 ) 
4 110 117 (291.277344 -514.538086 85.635498 ) (291.498444 -511.559967 85.635498 ) (291.381348 -513.172058 127.635002 ) (291.160217 -516.150757 127.635002 ) 
4 110 116 (291.498444 -511.559967 85.635498 ) (329.476074 0 85.635498 ) (329.478668 0 127.635002 ) (291.381348 -513.172058 127.635002 ) 
4 110 115 (291.087494 -517.095276 85.635498 ) (291.277344 -514.538086 85.635498 ) (291.160217 -516.150757 127.635002 ) (291.113342 -516.782227 127.635002 ) 
4 110 112 (277.524475 -514.109924 85.635498 ) (278.082489 -517.060974 85.635498 ) (278.546448 -516.748962 127.635002 ) (277.988434 -513.797913 127.635002 ) 
4 110 111 (180.309433 0 85.635498 ) (277.524475 -514.109924 85.635498 ) (277.988434 -513.797913 127.635002 ) (180.832397 0 127.635002 ) 
4 110 113 (329.474396 0 85.635498 ) (291.085815 -517.095276 85.635498 ) (278.082001 -517.060974 85.635498 ) (180.308929 0 85.635498 ) 
4 111 132 (180 -202.905319 127.635002 ) (180 0 127.635002 ) (180 0 85.635498 ) (180 -205.591385 85.635498 ) 
5 111 113 (240.408005 -514.011963 85.635498 ) (180 -205.591385 85.635498 ) (180 0 85.635498 ) (180.308929 0 85.635498 ) (277.523987 -514.109924 85.635498 ) 
4 111 112 (240.872986 -513.699951 127.635002 ) (240.408005 -514.011963 85.635498 ) (277.523773 -514.109924 85.635498 ) (277.987732 -513.797913 127.635002 ) 
4 112 113 (278.082001 -517.060974 85.635498 ) (240.985992 -516.963013 85.635498 ) (240.408005 -514.011963 85.635498 ) (277.523987 -514.109924 85.635498 ) 
4 113 211 (291.465546 -512 77.635498 ) (290.277710 -528 77.635498 ) (231.925507 -528 77.635498 ) (228.830658 -512 77.635498 ) 
5 113 210 (180 0 77.635498 ) (329.475830 0 77.635498 ) (291.465546 -512 77.635498 ) (228.830658 -512 77.635498 ) (180 -259.551483 77.635498 ) 
4 113 151 (231.925507 -528 77.635498 ) (290.277710 -528 77.635498 ) (290.278198 -528 85.635498 ) (231.927399 -528 85.635498 ) 
4 113 132 (180 0 77.635498 ) (180 -259.551483 77.635498 ) (180 -259.541718 85.635498 ) (180 0 85.635498 ) 
4 113 130 (180 -259.543396 85.635498 ) (180 -259.553162 77.635498 ) (227.867355 -507.021484 77.635498 ) (227.927383 -507.322083 85.635498 ) 
4 113 126 (228.443588 -510 77.635498 ) (229.014709 -512.953125 77.635498 ) (229.075012 -513.255188 85.635498 ) (228.504211 -510.304230 85.635498 ) 
4 113 125 (227.867355 -507.021484 77.635498 ) (228.443588 -510 77.635498 ) (228.504211 -510.304230 85.635498 ) (227.927383 -507.322083 85.635498 ) 
4 113 124 (229.014709 -512.953125 77.635498 ) (231.925186 -528 77.635498 ) (231.927078 -528 85.635498 ) (229.075012 -513.255188 85.635498 ) 
4 113 117 (291.299683 -514.230896 77.635498 ) (291.520752 -511.252899 77.635498 ) (291.498444 -511.559967 85.635498 ) (291.277344 -514.538086 85.635498 ) 
4 113 116 (291.520752 -511.252899 77.635498 ) (329.475586 0 77.635498 ) (329.476074 0 85.635498 ) (291.498444 -511.559967 85.635498 ) 
4 113 115 (290.277954 -528 85.635498 ) (290.277466 -528 77.635498 ) (291.299683 -514.230896 77.635498 ) (291.277344 -514.538086 85.635498 ) 
4 114 121 (300.460083 -516.051880 129.634995 ) (300.247681 -519.037659 129.634995 ) (300.392731 -517.052734 77.635498 ) (300.606110 -514.053101 77.635498 ) 
4 114 120 (337.170624 0 129.634995 ) (300.460083 -516.051880 129.634995 ) (300.606110 -514.053101 77.635498 ) (337.174500 0 77.635498 ) 
5 114 119 (300.247681 -519.037659 129.634995 ) (300.099396 -521.121948 129.634995 ) (299.610626 -528 122.672096 ) (299.613983 -528 77.635498 ) (300.392731 -517.052734 77.635498 ) 
4 114 117 (300.593903 -514.051941 77.635498 ) (300.381836 -517.041992 77.635498 ) (300.246887 -519.041687 129.634995 ) (300.459015 -516.050964 129.634995 ) 
4 114 116 (337.054749 0 77.635498 ) (300.593903 -514.051941 77.635498 ) (300.459015 -516.050964 129.634995 ) (337.061646 0 129.634995 ) 
5 114 115 (300.381836 -517.041992 77.635498 ) (299.604614 -528 77.635498 ) (299.610657 -528 123.313660 ) (300.054565 -521.753357 129.634995 ) (300.246887 -519.041687 129.634995 ) 
4 115 211 (300.393311 -517.045471 77.635498 ) (299.614044 -528 77.635498 ) (290.277710 -528 77.635498 ) (291.299896 -514.231018 77.635498 ) 
4 115 151 (290.277710 -528 77.635498 ) (299.614044 -528 77.635498 ) (299.610260 -528 128.634995 ) (290.280853 -528 128.634995 ) 
4 115 134 (299.610260 -528 128.634995 ) (299.610199 -528 129.634995 ) (290.280914 -528 129.634995 ) (290.280853 -528 128.634995 ) 
3 115 119 (300.099396 -521.121948 129.634995 ) (299.610107 -528 129.634995 ) (299.610626 -528 122.672096 ) 
4 115 117 (300.245880 -519.040283 129.634995 ) (300.380829 -517.040527 77.635498 ) (291.299957 -514.229919 77.635498 ) (291.154938 -516.226563 129.634995 ) 
3 116 211 (300.752228 -512 77.635498 ) (300.605988 -514.055664 77.635498 ) (293.942535 -512 77.635498 ) 
5 116 210 (329.475830 0 77.635498 ) (337.174561 0 77.635498 ) (300.752228 -512 77.635498 ) (293.942535 -512 77.635498 ) (291.520996 -511.252960 77.635498 ) 
4 116 117 (291.375977 -513.249512 129.634995 ) (291.520966 -511.253601 77.635498 ) (300.594025 -514.052612 77.635498 ) (300.459106 -516.051636 129.634995 ) 
5 117 211 (300.605988 -514.055664 77.635498 ) (300.393311 -517.045471 77.635498 ) (291.299896 -514.231018 77.635498 ) (291.465546 -512 77.635498 ) (293.942535 -512 77.635498 ) 
3 117 210 (291.465546 -512 77.635498 ) (291.520996 -511.252960 77.635498 ) (293.942535 -512 77.635498 ) 
4 118 211 (512 -512 77.635498 ) (512 -528 77.635498 ) (305.622742 -528 77.635498 ) (306.759766 -512 77.635498 ) 
4 118 210 (343.144989 0 77.635498 ) (512 0 77.635498 ) (512 -512 77.635498 ) (306.759766 -512 77.635498 ) 
4 118 153 (310.164215 -528 77.635498 ) (496 -528 77.635498 ) (496 -528 128.634995 ) (310.477112 -528 128.634995 ) 
4 118 151 (305.622742 -528 77.635498 ) (310.164215 -528 77.635498 ) (310.477112 -528 128.634995 ) (305.630280 -528 128.634995 ) 
4 118 134 (496 -528 128.634995 ) (496 -528 129.634995 ) (305.630432 -528 129.634995 ) (305.630280 -528 128.634995 ) 
4 118 121 (305.897736 -524.235046 129.634995 ) (306.109802 -521.250793 129.634995 ) (306.244904 -519.241882 77.635498 ) (306.031830 -522.239990 77.635498 ) 
4 118 120 (306.109802 -521.250793 129.634995 ) (343.152466 0 129.634995 ) (343.144745 0 77.635498 ) (306.244904 -519.241882 77.635498 ) 
4 118 119 (305.622498 -528 77.635498 ) (305.630188 -528 129.634995 ) (305.897736 -524.235046 129.634995 ) (306.031830 -522.239990 77.635498 ) 
4 119 211 (306.032074 -522.240234 77.635498 ) (305.622742 -528 77.635498 ) (299.614044 -528 77.635498 ) (300.392792 -517.052795 77.635498 ) 
4 119 151 (299.614044 -528 77.635498 ) (305.622742 -528 77.635498 ) (305.630280 -528 128.634995 ) (299.610260 -528 128.634995 ) 
4 119 134 (305.630280 -528 128.634995 ) (305.630432 -528 129.634995 ) (299.610199 -528 129.634995 ) (299.610260 -528 128.634995 ) 
4 119 121 (305.897827 -524.232300 129.634995 ) (306.031921 -522.237244 77.635498 ) (300.393036 -517.050049 77.635498 ) (300.247955 -519.035034 129.634995 ) 
4 120 211 (306.759796 -512 77.635498 ) (306.245148 -519.242126 77.635498 ) (300.606171 -514.053162 77.635498 ) (300.752228 -512 77.635498 ) 
4 120 210 (337.174561 0 77.635498 ) (343.144989 0 77.635498 ) (306.759796 -512 77.635498 ) (300.752228 -512 77.635498 ) 
4 120 121 (306.244873 -519.239624 77.635498 ) (306.109802 -521.248535 129.634995 ) (300.460297 -516.049866 129.634995 ) (300.606354 -514.051086 77.635498 ) 
4 121 211 (306.245148 -519.242126 77.635498 ) (306.032074 -522.240234 77.635498 ) (300.392792 -517.052795 77.635498 ) (300.606171 -514.053162 77.635498 ) 
4 122 211 (216.647339 -528 77.635498 ) (180 -528 77.635498 ) (180 -512 77.635498 ) (213.545258 -512 77.635498 ) 
3 122 210 (180 -512 77.635498 ) (180 -338.979156 77.635498 ) (213.545258 -512 77.635498 ) 
4 122 199 (196 -528 77.635498 ) (210.275101 -528 77.635498 ) (209.975372 -528 128.634995 ) (196 -528 128.634995 ) 
4 122 197 (210.275101 -528 77.635498 ) (211.820679 -528 77.635498 ) (211.820679 -528 128.634995 ) (209.975372 -528 128.634995 ) 
4 122 185 (211.820679 -528 128.634995 ) (211.820679 -528 129.634995 ) (196 -528 129.634995 ) (196 -528 128.634995 ) 
4 122 176 (211.820679 -528 77.635498 ) (214.885452 -528 77.635498 ) (214.880325 -528 129.634995 ) (211.820679 -528 129.634995 ) 
4 122 151 (214.885452 -528 77.635498 ) (216.647339 -528 77.635498 ) (216.645294 -528 128.634995 ) (214.880417 -528 128.634995 ) 
4 122 134 (216.645294 -528 128.634995 ) (216.645248 -528 129.634995 ) (214.880325 -528 129.634995 ) (214.880417 -528 128.634995 ) 
4 122 132 (180 -338.979156 77.635498 ) (180 -512 77.635498 ) (180 -512 129.634995 ) (180 -338.989960 129.634995 ) 
4 122 129 (215.234070 -520.720947 129.634995 ) (215.808807 -523.685364 129.634995 ) (215.429565 -521.718506 77.635498 ) (214.858734 -518.774292 77.635498 ) 
4 122 128 (180 -338.978699 77.635498 ) (180 -338.989502 129.634995 ) (215.234070 -520.720947 129.634995 ) (214.858734 -518.774292 77.635498 ) 
4 122 123 (215.808807 -523.685364 129.634995 ) (216.645325 -528 129.634995 ) (216.647415 -528 77.635498 ) (215.429565 -521.718506 77.635498 ) 
4 123 211 (222.768967 -528 77.635498 ) (216.647339 -528 77.635498 ) (215.429504 -521.718567 77.635498 ) (220.405884 -515.838257 77.635498 ) 
4 123 151 (216.647339 -528 77.635498 ) (222.768967 -528 77.635498 ) (222.760422 -528 128.634995 ) (216.645294 -528 128.634995 ) 
4 123 134 (222.760422 -528 128.634995 ) (222.760254 -528 129.634995 ) (216.645248 -528 129.634995 ) (216.645294 -528 128.634995 ) 
4 123 129 (220.405914 -515.838440 77.635498 ) (215.429123 -521.719238 77.635498 ) (215.808365 -523.686096 129.634995 ) (220.780457 -517.810852 129.634995 ) 
4 123 124 (220.405746 -515.839294 77.635498 ) (220.780289 -517.811707 129.634995 ) (222.759918 -528 129.634995 ) (222.768631 -528 77.635498 ) 
4 124 211 (231.925507 -528 77.635498 ) (222.768967 -528 77.635498 ) (220.406830 -515.843079 77.635498 ) (229.014999 -512.953003 77.635498 ) 
4 124 151 (222.768967 -528 77.635498 ) (231.925507 -528 77.635498 ) (231.937561 -528 128.634995 ) (222.760422 -528 128.634995 ) 
4 124 134 (231.937561 -528 128.634995 ) (231.937805 -528 129.634995 ) (222.760254 -528 129.634995 ) (222.760422 -528 128.634995 ) 
4 124 126 (229.407257 -514.917358 129.634995 ) (229.015167 -512.953857 77.635498 ) (220.407364 -515.843811 77.635498 ) (220.781357 -517.813416 129.634995 ) 
3 125 210 (224.115189 -511.455200 77.635498 ) (227.867615 -507.021179 77.635498 ) (228.443878 -510 77.635498 ) 
4 125 130 (228.257874 -508.975220 129.634995 ) (227.867645 -507.021332 77.635498 ) (224.115402 -511.455139 77.635498 ) (224.480072 -513.439209 129.634995 ) 
4 125 126 (224.480698 -513.438293 129.634995 ) (224.116074 -511.454163 77.635498 ) (228.443741 -510 77.635498 ) (228.837906 -511.973938 129.634995 ) 
5 126 211 (220.406830 -515.843079 77.635498 ) (220.405884 -515.838257 77.635498 ) (223.654129 -512 77.635498 ) (228.830658 -512 77.635498 ) (229.014999 -512.953003 77.635498 ) 
4 126 210 (223.654129 -512 77.635498 ) (224.115189 -511.455200 77.635498 ) (228.443878 -510 77.635498 ) (228.830658 -512 77.635498 ) 
4 126 131 (224.115402 -511.455139 77.635498 ) (220.405914 -515.838440 77.635498 ) (220.780457 -517.810852 129.634995 ) (224.480072 -513.439209 129.634995 ) 
3 127 210 (180 -310.506683 77.635498 ) (180 -307.886536 77.635498 ) (220.269257 -515.135071 77.635498 ) 
4 127 132 (180 -307.886536 77.635498 ) (180 -310.506683 77.635498 ) (180 -310.501099 129.634995 ) (180 -307.931366 129.634995 ) 
3 127 131 (220.242401 -514.998596 77.635498 ) (219.833511 -512.894165 77.635498 ) (219.967163 -513.598022 96.116974 ) 
5 127 130 (219.833511 -512.894165 77.635498 ) (180 -307.888245 77.635498 ) (180 -307.933075 129.634995 ) (219.467987 -511.057861 129.634995 ) (219.967163 -513.598022 96.116974 ) 
3 127 129 (220.324249 -515.418091 77.635498 ) (219.992752 -513.731201 99.880798 ) (219.829117 -512.902039 77.635498 ) 
5 127 128 (219.992752 -513.731201 99.880798 ) (219.549362 -511.474854 129.634995 ) (180 -310.504608 129.634995 ) (180 -310.510193 77.635498 ) (219.829117 -512.902039 77.635498 ) 
4 128 211 (214.858673 -518.774353 77.635498 ) (213.545258 -512 77.635498 ) (219.652298 -512 77.635498 ) (219.829681 -512.901367 77.635498 ) 
4 128 210 (213.545258 -512 77.635498 ) (180 -338.979156 77.635498 ) (180 -310.506683 77.635498 ) (219.652298 -512 77.635498 ) 
4 128 132 (180 -310.506683 77.635498 ) (180 -338.979156 77.635498 ) (180 -338.989960 129.634995 ) (180 -310.501099 129.634995 ) 
3 128 130 (219.966141 -513.592773 96.185623 ) (219.467987 -511.057861 129.634995 ) (220.204544 -514.848572 129.634995 ) 
5 128 129 (219.828552 -512.902771 77.635498 ) (220.010529 -513.824829 102.374146 ) (220.204819 -514.848267 129.634995 ) (215.233994 -520.721008 129.634995 ) (214.858673 -518.774353 77.635498 ) 
5 129 211 (215.429504 -521.718567 77.635498 ) (214.858673 -518.774353 77.635498 ) (219.829681 -512.901367 77.635498 ) (220.269257 -515.135071 77.635498 ) (220.405884 -515.838257 77.635498 ) 
5 129 131 (220.780289 -517.811707 129.634995 ) (220.405746 -515.839294 77.635498 ) (220.242401 -514.998596 77.635498 ) (219.966141 -513.592773 96.185623 ) (220.204544 -514.848572 129.634995 ) 
3 130 211 (222.494171 -512 77.635498 ) (219.833817 -512.894104 77.635498 ) (219.660095 -512 77.635498 ) 
6 130 210 (180 -307.886536 77.635498 ) (180 -259.551483 77.635498 ) (227.867615 -507.021179 77.635498 ) (224.115189 -511.455200 77.635498 ) (222.494171 -512 77.635498 ) (219.660095 -512 77.635498 ) 
4 130 132 (180 -259.551483 77.635498 ) (180 -307.886536 77.635498 ) (180 -307.931366 129.634995 ) (180 -259.487946 129.634995 ) 
4 130 131 (220.209442 -514.873901 129.634995 ) (219.833374 -512.893616 77.635498 ) (224.115875 -511.454346 77.635498 ) (224.480499 -513.438477 129.634995 ) 
4 131 211 (223.654129 -512 77.635498 ) (220.405884 -515.838257 77.635498 ) (219.833817 -512.894104 77.635498 ) (222.494171 -512 77.635498 ) 
3 131 210 (224.115189 -511.455200 77.635498 ) (223.654129 -512 77.635498 ) (222.494171 -512 77.635498 ) 
4 132 224 (0 -192 77.635498 ) (0 -512 77.635498 ) (0 -512 129.634995 ) (0 -192 129.634995 ) 
4 132 223 (0 0 129.634995 ) (0 0 77.635498 ) (0 -192 77.635498 ) (0 -192 129.634995 ) 
4 132 210 (0 -512 77.635498 ) (0 0 77.635498 ) (180 0 77.635498 ) (180 -512 77.635498 ) 
4 133 218 (496 -1024 176 ) (211.820679 -1024 176 ) (211.820679 -1024 129.634995 ) (496 -1024 129.634995 ) 
4 133 185 (211.820679 -528 176 ) (211.820679 -528 129.634995 ) (211.820679 -1024 129.634995 ) (211.820679 -1024 176 ) 
4 133 184 (295.775818 -1000.570923 129.634995 ) (299.495728 -996.193176 129.634995 ) (299.517548 -996.185852 129.634995 ) (300.086578 -999.117798 129.634995 ) 
4 133 183 (299.517548 -996.185852 129.634995 ) (303.796356 -994.751465 129.634995 ) (300.099731 -999.113342 129.634995 ) (300.086578 -999.117798 129.634995 ) 
4 133 182 (292.636932 -1007.919250 129.634995 ) (292.053436 -1004.951538 129.634995 ) (295.775818 -1000.570923 129.634995 ) (300.099731 -999.113342 129.634995 ) 
5 133 181 (305.245026 -994.265808 129.634995 ) (311.007660 -1024 129.634995 ) (295.798737 -1024 129.634995 ) (292.636932 -1007.919250 129.634995 ) (303.796356 -994.751465 129.634995 ) 
4 133 180 (291.477051 -1002.019958 129.634995 ) (290.898102 -999.075439 129.634995 ) (299.495728 -996.193176 129.634995 ) (295.775818 -1000.570923 129.634995 ) 
3 133 179 (292.053436 -1004.951538 129.634995 ) (291.477051 -1002.019958 129.634995 ) (295.775818 -1000.570923 129.634995 ) 
4 133 178 (304.481445 -990.325867 129.634995 ) (305.052002 -993.269836 129.634995 ) (303.796356 -994.751465 129.634995 ) (299.495728 -996.193176 129.634995 ) 
3 133 177 (305.052002 -993.269836 129.634995 ) (305.245026 -994.265808 129.634995 ) (303.796356 -994.751465 129.634995 ) 
6 133 176 (211.820679 -596.889893 129.634995 ) (211.820679 -528 129.634995 ) (214.880325 -528 129.634995 ) (304.481445 -990.325867 129.634995 ) (299.495728 -996.193176 129.634995 ) (290.898102 -999.075439 129.634995 ) 
4 133 175 (221.003540 -998.736877 129.634995 ) (220.990616 -998.732910 129.634995 ) (216.026703 -994.138367 129.634995 ) (221.225021 -995.747742 129.634995 ) 
4 133 174 (230.309967 -998.560364 129.634995 ) (230.096985 -1001.540100 129.634995 ) (221.003540 -998.736877 129.634995 ) (221.225021 -995.747742 129.634995 ) 
3 133 173 (230.096985 -1001.540100 129.634995 ) (229.720108 -1006.812805 129.634995 ) (220.990616 -998.732910 129.634995 ) 
5 133 172 (229.720108 -1006.812805 129.634995 ) (228.491638 -1024 129.634995 ) (213.301819 -1024 129.634995 ) (215.337021 -993.924866 129.634995 ) (216.026703 -994.138367 129.634995 ) 
4 133 171 (221.221207 -995.746582 129.634995 ) (216.026718 -994.138367 129.634995 ) (215.364075 -993.525085 129.634995 ) (215.565903 -990.542664 129.634995 ) 
3 133 170 (216.026718 -994.138367 129.634995 ) (215.337021 -993.924866 129.634995 ) (215.364075 -993.525085 129.634995 ) 
5 133 169 (234.424911 -711.854370 129.634995 ) (246.436188 -772.943420 129.634995 ) (230.309967 -998.560364 129.634995 ) (221.221207 -995.746582 129.634995 ) (215.565903 -990.542664 129.634995 ) 
4 133 168 (211.820679 -1024 129.634995 ) (211.820679 -596.889893 129.634995 ) (234.424911 -711.854370 129.634995 ) (213.301819 -1024 129.634995 ) 
3 133 161 (246.436188 -772.943420 129.634995 ) (295.798737 -1024 129.634995 ) (228.491638 -1024 129.634995 ) 
4 133 134 (214.880325 -528 129.634995 ) (496 -528 129.634995 ) (496 -1024 129.634995 ) (311.007660 -1024 129.634995 ) 
4 134 218 (496 -1024 128.634995 ) (496 -1024 129.634995 ) (311.007660 -1024 129.634995 ) (311.007751 -1024 128.634995 ) 
4 134 181 (311.007813 -1024 129.634995 ) (305.245178 -994.265808 129.634995 ) (305.252533 -994.303345 128.634995 ) (311.007904 -1024 128.634995 ) 
4 134 178 (305.052124 -993.269653 129.634995 ) (304.481567 -990.325684 129.634995 ) (304.488983 -990.363586 128.634995 ) (305.059509 -993.307434 128.634995 ) 
4 134 177 (305.245178 -994.265808 129.634995 ) (305.052124 -993.269653 129.634995 ) (305.059509 -993.307434 128.634995 ) (305.252533 -994.303345 128.634995 ) 
4 134 176 (304.481567 -990.325684 129.634995 ) (214.880478 -528 129.634995 ) (214.880569 -528 128.634995 ) (304.488983 -990.363586 128.634995 ) 
4 134 156 (496 -647.063965 128.634995 ) (496 -681.783813 128.634995 ) (247.920914 -698.481567 128.634995 ) (241.276108 -664.195557 128.634995 ) 
4 134 155 (313.613983 -580.128052 128.634995 ) (310.673035 -579.589050 128.634995 ) (310.529999 -541.923096 128.634995 ) (313.470947 -542.473022 128.634995 ) 
4 134 154 (496 -576.604675 128.634995 ) (496 -613.554077 128.634995 ) (313.613983 -580.128052 128.634995 ) (313.470947 -542.473022 128.634995 ) 
4 134 153 (496 -528 128.634995 ) (496 -576.604675 128.634995 ) (310.529999 -541.923096 128.634995 ) (310.477142 -528 128.634995 ) 
4 134 152 (496 -613.554077 128.634995 ) (496 -647.063965 128.634995 ) (310.976532 -659.507813 128.634995 ) (310.673035 -579.589050 128.634995 ) 
4 134 151 (310.976532 -659.507813 128.634995 ) (241.276108 -664.195557 128.634995 ) (214.880722 -528 128.634995 ) (310.477142 -528 128.634995 ) 
4 134 150 (312.780029 -972.246033 128.634995 ) (309.829987 -972.815796 128.634995 ) (309.647003 -935.149902 128.634995 ) (312.598022 -934.579102 128.634995 ) 
4 134 149 (496 -899.106079 128.634995 ) (496 -936.860962 128.634995 ) (312.780029 -972.246033 128.634995 ) (312.598022 -934.579102 128.634995 ) 
5 134 148 (496 -936.860962 128.634995 ) (496 -1024 128.634995 ) (311.008057 -1024 128.634995 ) (310.054779 -1019.081299 128.634995 ) (309.829987 -972.815796 128.634995 ) 
3 134 147 (310.054779 -1019.081299 128.634995 ) (294.361420 -938.106384 128.634995 ) (309.647003 -935.149902 128.634995 ) 
4 134 135 (496 -681.783813 128.634995 ) (496 -899.106079 128.634995 ) (294.361420 -938.106384 128.634995 ) (247.920914 -698.481567 128.634995 ) 
4 135 176 (294.363007 -938.114868 127.635002 ) (294.361298 -938.106506 128.634995 ) (247.920761 -698.481567 128.634995 ) (247.920853 -698.481567 127.635002 ) 
4 135 156 (247.920715 -698.481506 127.635002 ) (247.920624 -698.481506 128.634995 ) (496 -681.783691 128.634995 ) (496 -681.783691 127.635002 ) 
4 135 150 (312.598022 -934.579346 128.634995 ) (309.647003 -935.150146 128.634995 ) (309.664124 -935.155518 127.635002 ) (312.614990 -934.584778 127.635002 ) 
4 135 149 (496 -899.114990 127.635002 ) (496 -899.106262 128.634995 ) (312.598022 -934.579346 128.634995 ) (312.614990 -934.584778 127.635002 ) 
4 135 147 (309.647003 -935.150146 128.634995 ) (294.361206 -938.106689 128.634995 ) (294.362915 -938.115051 127.635002 ) (309.664124 -935.155518 127.635002 ) 
4 135 141 (496 -899.113892 127.635002 ) (294.362701 -938.114014 127.635002 ) (271.936157 -822.396912 127.635002 ) (496 -805.418335 127.635002 ) 
4 135 140 (313.313995 -793.816101 127.635002 ) (310.364044 -793.265991 127.635002 ) (310.523010 -719.418823 127.635002 ) (313.463043 -719.958008 127.635002 ) 
5 135 139 (496 -753.434265 127.635002 ) (496 -805.418335 127.635002 ) (410.336121 -811.909607 127.635002 ) (313.313995 -793.816101 127.635002 ) (313.463043 -719.958008 127.635002 ) 
4 135 138 (310.577179 -694.264038 127.635002 ) (496 -681.783508 127.635002 ) (496 -753.434265 127.635002 ) (310.523010 -719.418823 127.635002 ) 
3 135 137 (410.336121 -811.909607 127.635002 ) (310.307587 -819.489319 127.635002 ) (310.364044 -793.265991 127.635002 ) 
4 135 136 (271.936157 -822.396912 127.635002 ) (247.920685 -698.481323 127.635002 ) (310.577179 -694.264038 127.635002 ) (310.307587 -819.489319 127.635002 ) 
4 136 212 (310.761230 -819.454956 77.635498 ) (271.941040 -822.396606 77.635498 ) (247.925598 -698.481201 77.635498 ) (311.030823 -694.233704 77.635498 ) 
4 136 176 (247.925735 -698.481262 77.635498 ) (271.941162 -822.396606 77.635498 ) (271.936279 -822.396973 127.635002 ) (247.920853 -698.481567 127.635002 ) 
4 136 159 (308.798981 -694.383911 126.635002 ) (310.211029 -694.288879 126.635002 ) (310.210999 -694.288879 85.635498 ) (308.799011 -694.383911 85.635498 ) 
4 136 158 (310.211029 -694.288879 126.635002 ) (310.586243 -694.263611 126.635002 ) (310.958252 -694.238586 85.635498 ) (310.210999 -694.288879 85.635498 ) 
4 136 157 (247.924805 -698.481262 85.635498 ) (247.920807 -698.481506 126.635002 ) (308.798981 -694.383911 126.635002 ) (308.799011 -694.383911 85.635498 ) 
4 136 156 (247.920807 -698.481506 126.635002 ) (247.920715 -698.481506 127.635002 ) (310.577179 -694.264221 127.635002 ) (310.586243 -694.263611 126.635002 ) 
4 136 160 (247.925583 -698.481201 77.635498 ) (247.924805 -698.481262 85.635498 ) (310.958252 -694.238586 85.635498 ) (311.030823 -694.233704 77.635498 ) 
4 136 145 (308.583008 -819.620178 85.635498 ) (309.994965 -819.513184 85.635498 ) (309.994995 -819.513184 126.635002 ) (308.583038 -819.620178 126.635002 ) 
4 136 144 (309.994965 -819.513184 85.635498 ) (310.688660 -819.460632 85.635498 ) (310.316650 -819.488831 126.635002 ) (309.994995 -819.513184 126.635002 ) 
4 136 142 (271.936279 -822.397156 126.635002 ) (271.940277 -822.396851 85.635498 ) (308.583008 -819.620178 85.635498 ) (308.583038 -819.620178 126.635002 ) 
4 136 141 (310.307587 -819.489502 127.635002 ) (271.936188 -822.397156 127.635002 ) (271.936279 -822.397156 126.635002 ) (310.316650 -819.488831 126.635002 ) 
4 136 146 (271.940277 -822.396851 85.635498 ) (271.941040 -822.396790 77.635498 ) (310.761230 -819.455139 77.635498 ) (310.688660 -819.460632 85.635498 ) 
4 136 140 (310.813965 -794.945007 77.635498 ) (310.972992 -721.096008 77.635498 ) (310.523010 -719.418823 127.635002 ) (310.364014 -793.265991 127.635002 ) 
4 136 138 (310.972992 -721.096008 77.635498 ) (311.030823 -694.233765 77.635498 ) (310.577179 -694.264282 127.635002 ) (310.523010 -719.418823 127.635002 ) 
4 136 137 (310.307556 -819.489197 127.635002 ) (310.761200 -819.454834 77.635498 ) (310.813965 -794.945007 77.635498 ) (310.364014 -793.265991 127.635002 ) 
3 137 212 (404.254120 -812.370422 77.635498 ) (310.761230 -819.454956 77.635498 ) (310.813995 -794.945007 77.635498 ) 
4 137 144 (310.316650 -819.488831 126.635002 ) (310.688660 -819.460632 85.635498 ) (405.228088 -812.296814 85.635498 ) (410.215210 -811.918945 126.635002 ) 
4 137 141 (410.336853 -811.909729 127.635002 ) (310.307587 -819.489502 127.635002 ) (310.316650 -819.488831 126.635002 ) (410.215210 -811.918945 126.635002 ) 
4 137 146 (310.688660 -819.460632 85.635498 ) (310.761230 -819.455139 77.635498 ) (404.254974 -812.370544 77.635498 ) (405.228088 -812.296814 85.635498 ) 
4 137 140 (313.774994 -795.496887 77.635498 ) (310.812988 -794.944519 77.635498 ) (310.363007 -793.265564 127.635002 ) (313.313995 -793.815857 127.635002 ) 
4 137 139 (410.336670 -811.909424 127.635002 ) (404.254730 -812.370300 77.635498 ) (313.774994 -795.496887 77.635498 ) (313.313995 -793.815857 127.635002 ) 
4 138 212 (496 -681.783813 77.635498 ) (496 -755.028931 77.635498 ) (310.972992 -721.096008 77.635498 ) (311.030823 -694.233704 77.635498 ) 
4 138 158 (496 -681.783691 126.635002 ) (496 -681.783691 85.635498 ) (310.958252 -694.238586 85.635498 ) (310.586243 -694.263611 126.635002 ) 
4 138 156 (310.577179 -694.264221 127.635002 ) (496 -681.783691 127.635002 ) (496 -681.783691 126.635002 ) (310.586243 -694.263611 126.635002 ) 
4 138 160 (496 -681.783691 85.635498 ) (496 -681.783691 77.635498 ) (311.030823 -694.233704 77.635498 ) (310.958252 -694.238586 85.635498 ) 
4 138 140 (310.523773 -719.418823 127.635002 ) (310.973755 -721.095947 77.635498 ) (313.924042 -721.637024 77.635498 ) (313.463043 -719.957886 127.635002 ) 
4 138 139 (313.924042 -721.637024 77.635498 ) (496 -755.028748 77.635498 ) (496 -753.434143 127.635002 ) (313.463043 -719.957886 127.635002 ) 
5 139 212 (496 -755.028931 77.635498 ) (496 -805.418274 77.635498 ) (404.254120 -812.370422 77.635498 ) (313.774994 -795.497192 77.635498 ) (313.924042 -721.637207 77.635498 ) 
4 139 144 (496 -805.418518 85.635498 ) (496 -805.418518 126.635002 ) (410.215210 -811.918945 126.635002 ) (405.228088 -812.296814 85.635498 ) 
4 139 141 (496 -805.418518 126.635002 ) (496 -805.418518 127.635002 ) (410.336853 -811.909729 127.635002 ) (410.215210 -811.918945 126.635002 ) 
4 139 146 (496 -805.418518 77.635498 ) (496 -805.418518 85.635498 ) (405.228088 -812.296814 85.635498 ) (404.254974 -812.370544 77.635498 ) 
4 139 140 (313.463043 -719.958801 127.635002 ) (313.924042 -721.637939 77.635498 ) (313.775024 -795.497253 77.635498 ) (313.314026 -793.816223 127.635002 ) 
4 140 212 (313.774994 -795.497192 77.635498 ) (310.813995 -794.945007 77.635498 ) (310.972992 -721.096008 77.635498 ) (313.924042 -721.637207 77.635498 ) 
4 141 176 (294.364716 -938.123230 126.635002 ) (294.363007 -938.114868 127.635002 ) (271.936279 -822.396973 127.635002 ) (271.936371 -822.396973 126.635002 ) 
4 141 150 (312.614990 -934.584778 127.635002 ) (309.664124 -935.155518 127.635002 ) (309.681305 -935.160889 126.635002 ) (312.631927 -934.590210 126.635002 ) 
4 141 149 (496 -899.123718 126.635002 ) (496 -899.114990 127.635002 ) (312.614990 -934.584778 127.635002 ) (312.631927 -934.590210 126.635002 ) 
4 141 147 (309.664124 -935.155518 127.635002 ) (294.362915 -938.115051 127.635002 ) (294.364624 -938.123413 126.635002 ) (309.681305 -935.160889 126.635002 ) 
4 141 145 (308.583008 -819.619263 126.635002 ) (309.994965 -819.512268 126.635002 ) (310.299011 -854.224976 126.635002 ) (308.886993 -854.330017 126.635002 ) 
4 141 144 (309.994965 -819.512268 126.635002 ) (496 -805.417603 126.635002 ) (496 -840.410461 126.635002 ) (310.299011 -854.224976 126.635002 ) 
4 141 143 (496 -840.410461 126.635002 ) (496 -899.123718 126.635002 ) (309.595062 -935.177673 126.635002 ) (308.886993 -854.330017 126.635002 ) 
4 141 142 (271.936127 -822.396240 126.635002 ) (308.583008 -819.619263 126.635002 ) (309.595062 -935.177673 126.635002 ) (294.364655 -938.123474 126.635002 ) 
4 142 176 (294.435394 -938.466919 85.635498 ) (294.364716 -938.123230 126.635002 ) (271.936371 -822.396973 126.635002 ) (271.940369 -822.396667 85.635498 ) 
4 142 147 (309.595062 -935.177612 126.635002 ) (294.364624 -938.123413 126.635002 ) (294.435303 -938.467102 85.635498 ) (309.598175 -935.534363 85.635498 ) 
4 142 145 (308.886993 -854.329956 85.635498 ) (308.583008 -819.619019 85.635498 ) (308.583008 -819.619019 126.635002 ) (308.886993 -854.330017 126.635002 ) 
4 142 143 (309.598175 -935.534119 85.635498 ) (308.886993 -854.329956 85.635498 ) (308.886993 -854.330017 126.635002 ) (309.595062 -935.177429 126.635002 ) 
4 142 146 (271.940125 -822.395935 85.635498 ) (308.583008 -819.619263 85.635498 ) (309.598145 -935.534180 85.635498 ) (294.435272 -938.466919 85.635498 ) 
4 143 150 (312.631927 -934.590271 126.635002 ) (309.681305 -935.160950 126.635002 ) (310.384735 -935.382202 85.635498 ) (313.327301 -934.813049 85.635498 ) 
4 143 149 (496 -899.481018 85.635498 ) (496 -899.123718 126.635002 ) (312.631927 -934.590271 126.635002 ) (313.327301 -934.813049 85.635498 ) 
4 143 147 (309.681305 -935.160950 126.635002 ) (309.595062 -935.177612 126.635002 ) (309.598175 -935.534363 85.635498 ) (310.384735 -935.382202 85.635498 ) 
4 143 145 (310.299011 -854.224976 85.635498 ) (308.889465 -854.329834 85.635498 ) (308.889465 -854.329834 126.635002 ) (310.299011 -854.224976 126.635002 ) 
4 143 144 (496 -840.410461 85.635498 ) (310.299011 -854.224976 85.635498 ) (310.299011 -854.224976 126.635002 ) (496 -840.410461 126.635002 ) 
4 143 146 (496 -840.410461 85.635498 ) (496 -899.480835 85.635498 ) (309.598145 -935.534180 85.635498 ) (308.886993 -854.330017 85.635498 ) 
4 144 146 (309.994965 -819.512268 85.635498 ) (496 -805.417603 85.635498 ) (496 -840.410461 85.635498 ) (310.299011 -854.224976 85.635498 ) 
4 144 145 (309.995026 -819.513000 85.635498 ) (310.299011 -854.222412 85.635498 ) (310.299011 -854.222412 126.635002 ) (309.995026 -819.513000 126.635002 ) 
4 145 146 (308.583008 -819.619263 85.635498 ) (309.994965 -819.512268 85.635498 ) (310.299011 -854.224976 85.635498 ) (308.886993 -854.330017 85.635498 ) 
4 146 212 (496 -805.418274 77.635498 ) (496 -899.550476 77.635498 ) (294.449066 -938.533997 77.635498 ) (271.941040 -822.396606 77.635498 ) 
4 146 176 (271.941162 -822.396606 77.635498 ) (294.449188 -938.533997 77.635498 ) (294.435394 -938.466919 85.635498 ) (271.940369 -822.396667 85.635498 ) 
4 146 150 (313.327301 -934.813049 85.635498 ) (310.384735 -935.382202 85.635498 ) (310.522003 -935.425415 77.635498 ) (313.462982 -934.856567 77.635498 ) 
4 146 149 (496 -899.550720 77.635498 ) (496 -899.481018 85.635498 ) (313.327301 -934.813049 85.635498 ) (313.462982 -934.856567 77.635498 ) 
4 146 147 (310.384735 -935.382202 85.635498 ) (294.435303 -938.467102 85.635498 ) (294.449097 -938.534180 77.635498 ) (310.522003 -935.425415 77.635498 ) 
3 147 212 (310.950806 -1023.679993 77.635498 ) (294.449066 -938.533997 77.635498 ) (310.521973 -935.425232 77.635498 ) 
4 147 181 (305.629181 -996.220764 77.635498 ) (310.950806 -1023.679321 77.635498 ) (310.054779 -1019.082092 128.634995 ) (305.252533 -994.303345 128.634995 ) 
4 147 178 (304.868164 -992.294006 77.635498 ) (305.437653 -995.232483 77.635498 ) (305.059509 -993.307434 128.634995 ) (304.488983 -990.363586 128.634995 ) 
4 147 177 (305.437653 -995.232483 77.635498 ) (305.629181 -996.220764 77.635498 ) (305.252533 -994.303345 128.634995 ) (305.059509 -993.307434 128.634995 ) 
4 147 176 (294.449188 -938.533997 77.635498 ) (304.868164 -992.294006 77.635498 ) (304.488983 -990.363586 128.634995 ) (294.361298 -938.106506 128.634995 ) 
4 147 150 (310.522034 -935.424438 77.635498 ) (309.647034 -935.149231 128.634995 ) (309.830048 -972.815796 128.634995 ) (310.705048 -973.090942 77.635498 ) 
4 147 148 (309.830048 -972.815796 128.634995 ) (310.054840 -1019.083130 128.634995 ) (310.950836 -1023.680298 77.635498 ) (310.705048 -973.090942 77.635498 ) 
4 148 218 (311.012787 -1024 77.635498 ) (496 -1024 77.635498 ) (496 -1024 128.634995 ) (311.007751 -1024 128.634995 ) 
5 148 212 (496 -937.305176 77.635498 ) (496 -1024 77.635498 ) (311.012817 -1024 77.635498 ) (310.950806 -1023.679993 77.635498 ) (310.704987 -973.090942 77.635498 ) 
4 148 181 (310.950806 -1023.679321 77.635498 ) (311.012939 -1024 77.635498 ) (311.007904 -1024 128.634995 ) (310.054779 -1019.082092 128.634995 ) 
4 148 150 (310.706177 -973.090393 77.635498 ) (309.831177 -972.815186 128.634995 ) (312.780029 -972.245667 128.634995 ) (313.644989 -972.522827 77.635498 ) 
4 148 149 (312.780029 -972.245667 128.634995 ) (496 -936.860657 128.634995 ) (496 -937.304871 77.635498 ) (313.644989 -972.522827 77.635498 ) 
4 149 212 (496 -899.550476 77.635498 ) (496 -937.305176 77.635498 ) (313.644989 -972.523132 77.635498 ) (313.462982 -934.856384 77.635498 ) 
4 149 150 (312.597992 -934.579163 128.634995 ) (313.462982 -934.856323 77.635498 ) (313.644989 -972.522766 77.635498 ) (312.779999 -972.245605 128.634995 ) 
4 150 212 (313.644989 -972.523132 77.635498 ) (310.704987 -973.090942 77.635498 ) (310.521973 -935.425232 77.635498 ) (313.462982 -934.856384 77.635498 ) 
4 151 212 (214.885468 -528 77.635498 ) (310.164215 -528 77.635498 ) (310.663696 -659.528809 77.635498 ) (241.280792 -664.195190 77.635498 ) 
4 151 176 (214.880569 -528 128.634995 ) (214.885605 -528 77.635498 ) (241.280930 -664.195190 77.635498 ) (241.275955 -664.195557 128.634995 ) 
4 151 159 (308.505005 -659.674011 85.635498 ) (309.916992 -659.579041 85.635498 ) (309.916992 -659.579041 126.635002 ) (308.505005 -659.674011 126.635002 ) 
4 151 158 (309.916992 -659.579041 85.635498 ) (310.712769 -659.525513 85.635498 ) (310.964264 -659.508606 126.635002 ) (309.916992 -659.579041 126.635002 ) 
4 151 157 (241.276016 -664.195496 126.635002 ) (241.279999 -664.195251 85.635498 ) (308.505005 -659.674011 85.635498 ) (308.505005 -659.674011 126.635002 ) 
4 151 156 (310.976532 -659.507751 128.634995 ) (241.275818 -664.195496 128.634995 ) (241.276016 -664.195496 126.635002 ) (310.964264 -659.508606 126.635002 ) 
4 151 160 (241.279999 -664.195251 85.635498 ) (241.280777 -664.195190 77.635498 ) (310.663696 -659.528809 77.635498 ) (310.712769 -659.525513 85.635498 ) 
4 151 155 (310.363983 -580.612976 77.635498 ) (310.220978 -542.956970 77.635498 ) (310.529968 -541.923096 128.634995 ) (310.673004 -579.589050 128.634995 ) 
4 151 153 (310.220978 -542.956970 77.635498 ) (310.164185 -528 77.635498 ) (310.477081 -528 128.634995 ) (310.529968 -541.923096 128.634995 ) 
4 151 152 (310.976501 -659.508240 128.634995 ) (310.663666 -659.529297 77.635498 ) (310.363983 -580.612976 77.635498 ) (310.673004 -579.589050 128.634995 ) 
4 152 212 (496 -614.634705 77.635498 ) (496 -647.063965 77.635498 ) (310.663696 -659.528809 77.635498 ) (310.364014 -580.612976 77.635498 ) 
4 152 158 (496 -647.063904 85.635498 ) (496 -647.063904 126.635002 ) (310.964264 -659.508606 126.635002 ) (310.712769 -659.525513 85.635498 ) 
4 152 156 (496 -647.063904 126.635002 ) (496 -647.063904 128.634995 ) (310.976532 -659.507751 128.634995 ) (310.964264 -659.508606 126.635002 ) 
4 152 160 (496 -647.063904 77.635498 ) (496 -647.063904 85.635498 ) (310.712769 -659.525513 85.635498 ) (310.663696 -659.528809 77.635498 ) 
4 152 155 (310.364197 -580.612671 77.635498 ) (310.673218 -579.588684 128.634995 ) (313.613983 -580.127625 128.634995 ) (313.316010 -581.153625 77.635498 ) 
4 152 154 (313.613983 -580.127625 128.634995 ) (496 -613.553772 128.634995 ) (496 -614.634338 77.635498 ) (313.316010 -581.153625 77.635498 ) 
4 153 212 (310.164215 -528 77.635498 ) (496 -528 77.635498 ) (496 -577.696289 77.635498 ) (310.221008 -542.956970 77.635498 ) 
4 153 155 (310.529694 -541.923340 128.634995 ) (310.220703 -542.957214 77.635498 ) (313.172974 -543.509277 77.635498 ) (313.470947 -542.473328 128.634995 ) 
4 153 154 (313.172974 -543.509277 77.635498 ) (496 -577.696594 77.635498 ) (496 -576.604919 128.634995 ) (313.470947 -542.473328 128.634995 ) 
4 154 212 (496 -577.696289 77.635498 ) (496 -614.634705 77.635498 ) (313.316010 -581.153992 77.635498 ) (313.172974 -543.508972 77.635498 ) 
4 154 155 (313.470947 -542.474121 128.634995 ) (313.172974 -543.510071 77.635498 ) (313.315979 -581.153992 77.635498 ) (313.613983 -580.127991 128.634995 ) 
4 155 212 (313.316010 -581.153992 77.635498 ) (310.364014 -580.612976 77.635498 ) (310.221008 -542.956970 77.635498 ) (313.172974 -543.508972 77.635498 ) 
4 156 176 (247.920959 -698.481567 126.635002 ) (247.920761 -698.481567 128.634995 ) (241.275955 -664.195557 128.634995 ) (241.276154 -664.195557 126.635002 ) 
4 156 159 (310.210999 -694.288940 126.635002 ) (308.799011 -694.383972 126.635002 ) (308.505005 -659.674500 126.635002 ) (309.916992 -659.579529 126.635002 ) 
4 156 158 (496 -681.783752 126.635002 ) (310.210999 -694.288940 126.635002 ) (309.916992 -659.579529 126.635002 ) (496 -647.064453 126.635002 ) 
4 156 157 (308.799011 -694.383972 126.635002 ) (247.920822 -698.481567 126.635002 ) (241.276123 -664.196045 126.635002 ) (308.505005 -659.674500 126.635002 ) 
4 157 176 (247.924957 -698.481323 85.635498 ) (247.920959 -698.481567 126.635002 ) (241.276154 -664.195557 126.635002 ) (241.280151 -664.195251 85.635498 ) 
4 157 159 (308.798981 -694.383972 85.635498 ) (308.505005 -659.674866 85.635498 ) (308.505005 -659.674866 126.635002 ) (308.798981 -694.383972 126.635002 ) 
4 157 160 (308.799011 -694.383911 85.635498 ) (247.924805 -698.481262 85.635498 ) (241.280106 -664.195801 85.635498 ) (308.505005 -659.674561 85.635498 ) 
4 158 160 (496 -681.783752 85.635498 ) (310.210999 -694.288879 85.635498 ) (309.916992 -659.579590 85.635498 ) (496 -647.064453 85.635498 ) 
4 158 159 (309.916992 -659.579041 85.635498 ) (310.210999 -694.288940 85.635498 ) (310.210999 -694.288940 126.635002 ) (309.916992 -659.579041 126.635002 ) 
4 159 160 (310.210999 -694.288879 85.635498 ) (308.799011 -694.383911 85.635498 ) (308.505005 -659.674561 85.635498 ) (309.916992 -659.579590 85.635498 ) 
4 160 212 (496 -647.063965 77.635498 ) (496 -681.783813 77.635498 ) (247.925598 -698.481201 77.635498 ) (241.280792 -664.195190 77.635498 ) 
4 160 176 (241.280930 -664.195190 77.635498 ) (247.925735 -698.481262 77.635498 ) (247.924957 -698.481323 85.635498 ) (241.280151 -664.195251 85.635498 ) 
4 161 218 (295.798767 -1024 126.635002 ) (295.798737 -1024 129.634995 ) (228.491638 -1024 129.634995 ) (228.492035 -1024 126.635002 ) 
4 161 182 (292.053680 -1004.951294 129.634995 ) (292.637177 -1007.919006 129.634995 ) (292.659424 -1008.032227 126.635002 ) (292.075989 -1005.064819 126.635002 ) 
4 161 181 (292.637177 -1007.919006 129.634995 ) (295.799011 -1024 129.634995 ) (295.799042 -1024 126.635002 ) (292.659424 -1008.032227 126.635002 ) 
4 161 180 (290.898346 -999.075317 129.634995 ) (291.477295 -1002.019897 129.634995 ) (291.499542 -1002.132996 126.635002 ) (290.920532 -999.188110 126.635002 ) 
4 161 179 (291.477295 -1002.019897 129.634995 ) (292.053680 -1004.951294 129.634995 ) (292.075989 -1005.064819 126.635002 ) (291.499542 -1002.132996 126.635002 ) 
4 161 176 (246.436554 -772.943726 126.635002 ) (246.436249 -772.942383 129.634995 ) (290.898346 -999.075317 129.634995 ) (290.920532 -999.188110 126.635002 ) 
4 161 174 (230.302002 -998.675659 126.635002 ) (230.089020 -1001.655396 126.635002 ) (230.096863 -1001.540039 129.634995 ) (230.309845 -998.560303 129.634995 ) 
4 161 173 (230.089020 -1001.655396 126.635002 ) (229.712219 -1006.927124 126.635002 ) (229.720001 -1006.812683 129.634995 ) (230.096863 -1001.540039 129.634995 ) 
4 161 172 (229.712219 -1006.927124 126.635002 ) (228.491913 -1024 126.635002 ) (228.491516 -1024 129.634995 ) (229.720001 -1006.812683 129.634995 ) 
4 161 169 (246.436188 -772.941650 129.634995 ) (246.436493 -772.942993 126.635002 ) (230.302002 -998.675659 126.635002 ) (230.309845 -998.560303 129.634995 ) 
4 161 166 (241.325027 -984.480042 126.635002 ) (278.419983 -984.578003 126.635002 ) (278.997986 -987.529053 126.635002 ) (241.883026 -987.431091 126.635002 ) 
4 161 165 (278.997986 -987.529053 126.635002 ) (286.141479 -1024 126.635002 ) (248.797806 -1024 126.635002 ) (241.883026 -987.431091 126.635002 ) 
4 161 164 (228.491058 -1024 126.635002 ) (231.317673 -984.453613 126.635002 ) (241.325027 -984.480042 126.635002 ) (248.797806 -1024 126.635002 ) 
4 161 163 (278.419983 -984.578003 126.635002 ) (288.052490 -984.603455 126.635002 ) (295.798615 -1024 126.635002 ) (286.141479 -1024 126.635002 ) 
3 161 162 (231.317673 -984.453613 126.635002 ) (246.435730 -772.941711 126.635002 ) (288.052490 -984.603455 126.635002 ) 
4 162 176 (246.440811 -772.962952 84.635498 ) (246.436554 -772.943726 126.635002 ) (288.052917 -984.603455 126.635002 ) (287.991760 -984.290039 84.635498 ) 
4 162 169 (246.436493 -772.942993 126.635002 ) (246.440735 -772.962219 84.635498 ) (231.346527 -984.140503 84.635498 ) (231.318527 -984.453613 126.635002 ) 
4 162 166 (241.789017 -984.168091 84.635498 ) (278.885010 -984.266052 84.635498 ) (278.420013 -984.578064 126.635002 ) (241.325027 -984.480103 126.635002 ) 
4 162 164 (231.348145 -984.140503 84.635498 ) (241.789017 -984.168091 84.635498 ) (241.325027 -984.480103 126.635002 ) (231.318787 -984.453674 126.635002 ) 
4 162 163 (278.885010 -984.266052 84.635498 ) (287.991516 -984.290100 84.635498 ) (288.052673 -984.603516 126.635002 ) (278.420013 -984.578064 126.635002 ) 
3 162 167 (231.347122 -984.140503 84.635498 ) (246.440948 -772.967651 84.635498 ) (287.990997 -984.290039 84.635498 ) 
4 163 218 (295.799225 -1024 84.635498 ) (295.798767 -1024 126.635002 ) (286.141479 -1024 126.635002 ) (286.667603 -1024 84.635498 ) 
4 163 182 (292.075989 -1005.064819 126.635002 ) (292.659424 -1008.032227 126.635002 ) (292.971466 -1009.616699 84.635498 ) (292.388916 -1006.653809 84.635498 ) 
4 163 181 (292.659424 -1008.032227 126.635002 ) (295.799042 -1024 126.635002 ) (295.799500 -1024 84.635498 ) (292.971466 -1009.616699 84.635498 ) 
4 163 180 (290.920532 -999.188110 126.635002 ) (291.499542 -1002.132996 126.635002 ) (291.811249 -1003.715759 84.635498 ) (291.231415 -1000.766785 84.635498 ) 
4 163 179 (291.499542 -1002.132996 126.635002 ) (292.075989 -1005.064819 126.635002 ) (292.388916 -1006.653809 84.635498 ) (291.811249 -1003.715759 84.635498 ) 
4 163 176 (288.052917 -984.603455 126.635002 ) (290.920532 -999.188110 126.635002 ) (291.231415 -1000.766785 84.635498 ) (287.991760 -984.290039 84.635498 ) 
4 163 166 (278.420227 -984.579163 126.635002 ) (278.885254 -984.267151 84.635498 ) (279.463043 -987.217041 84.635498 ) (278.998016 -987.528992 126.635002 ) 
4 163 165 (279.463043 -987.217041 84.635498 ) (286.667633 -1024 84.635498 ) (286.141479 -1024 126.635002 ) (278.998016 -987.528992 126.635002 ) 
4 163 167 (278.885010 -984.265991 84.635498 ) (287.990997 -984.290039 84.635498 ) (295.798737 -1024 84.635498 ) (286.667603 -1024 84.635498 ) 
4 164 218 (248.797791 -1024 126.635002 ) (228.492035 -1024 126.635002 ) (228.497650 -1024 84.635498 ) (249.320770 -1024 84.635498 ) 
4 164 174 (230.192169 -1000.290833 84.635498 ) (229.979187 -1003.270691 84.635498 ) (230.089005 -1001.655396 126.635002 ) (230.301987 -998.675659 126.635002 ) 
4 164 173 (229.979187 -1003.270691 84.635498 ) (229.603348 -1008.528931 84.635498 ) (229.712204 -1006.927124 126.635002 ) (230.089005 -1001.655396 126.635002 ) 
4 164 172 (229.603348 -1008.528931 84.635498 ) (228.497528 -1024 84.635498 ) (228.491913 -1024 126.635002 ) (229.712204 -1006.927124 126.635002 ) 
4 164 169 (231.346527 -984.140503 84.635498 ) (230.192169 -1000.290833 84.635498 ) (230.301987 -998.675659 126.635002 ) (231.318527 -984.453613 126.635002 ) 
4 164 166 (242.346786 -987.119080 84.635498 ) (241.788742 -984.167847 84.635498 ) (241.324768 -984.479858 126.635002 ) (241.882813 -987.431091 126.635002 ) 
4 164 165 (249.320557 -1024 84.635498 ) (242.346786 -987.119080 84.635498 ) (241.882813 -987.431091 126.635002 ) (248.797577 -1024 126.635002 ) 
4 164 167 (228.498123 -1024 84.635498 ) (231.347122 -984.140503 84.635498 ) (241.789001 -984.168091 84.635498 ) (249.320770 -1024 84.635498 ) 
4 165 218 (286.141479 -1024 126.635002 ) (248.797791 -1024 126.635002 ) (249.320770 -1024 84.635498 ) (286.667603 -1024 84.635498 ) 
4 165 167 (279.463013 -987.217041 84.635498 ) (286.667603 -1024 84.635498 ) (249.320770 -1024 84.635498 ) (242.347000 -987.119080 84.635498 ) 
4 165 166 (278.997986 -987.529053 126.635002 ) (279.463013 -987.217041 84.635498 ) (242.347565 -987.119080 84.635498 ) (241.883591 -987.431091 126.635002 ) 
4 166 167 (241.789001 -984.168091 84.635498 ) (278.885010 -984.265991 84.635498 ) (279.463013 -987.217041 84.635498 ) (242.347000 -987.119080 84.635498 ) 
4 167 218 (228.498581 -1024 77.635498 ) (295.799316 -1024 77.635498 ) (295.799225 -1024 84.635498 ) (228.497650 -1024 84.635498 ) 
3 167 212 (295.799316 -1024 77.635498 ) (228.498581 -1024 77.635498 ) (246.441437 -772.967163 77.635498 ) 
4 167 182 (293.023468 -1009.880737 77.635498 ) (292.441071 -1006.918640 77.635498 ) (292.388885 -1006.653809 84.635498 ) (292.971436 -1009.616699 84.635498 ) 
4 167 181 (295.799591 -1024 77.635498 ) (293.023468 -1009.880737 77.635498 ) (292.971436 -1009.616699 84.635498 ) (295.799500 -1024 84.635498 ) 
4 167 180 (291.863190 -1003.979553 77.635498 ) (291.283234 -1001.029968 77.635498 ) (291.231415 -1000.766846 84.635498 ) (291.811218 -1003.715698 84.635498 ) 
4 167 179 (292.441071 -1006.918640 77.635498 ) (291.863190 -1003.979553 77.635498 ) (291.811218 -1003.715698 84.635498 ) (292.388885 -1006.653809 84.635498 ) 
4 167 176 (291.283234 -1001.029968 77.635498 ) (246.441513 -772.966187 77.635498 ) (246.440811 -772.962952 84.635498 ) (291.231415 -1000.766846 84.635498 ) 
4 167 174 (230.173859 -1000.559937 77.635498 ) (229.960861 -1003.539917 77.635498 ) (229.979172 -1003.270691 84.635498 ) (230.192169 -1000.290771 84.635498 ) 
4 167 173 (229.960861 -1003.539917 77.635498 ) (229.585190 -1008.795898 77.635498 ) (229.603333 -1008.528931 84.635498 ) (229.979172 -1003.270691 84.635498 ) 
4 167 172 (229.585190 -1008.795898 77.635498 ) (228.498459 -1024 77.635498 ) (228.497528 -1024 84.635498 ) (229.603333 -1008.528931 84.635498 ) 
4 167 169 (246.440735 -772.962219 84.635498 ) (246.441437 -772.965393 77.635498 ) (230.173859 -1000.559937 77.635498 ) (230.192169 -1000.290771 84.635498 ) 
4 168 218 (211.820679 -1024 77.635498 ) (213.301285 -1024 77.635498 ) (213.301819 -1024 129.634995 ) (211.820679 -1024 129.634995 ) 
4 168 212 (213.301285 -1024 77.635498 ) (211.820679 -1024 77.635498 ) (211.820679 -596.886902 77.635498 ) (234.424652 -711.850159 77.635498 ) 
4 168 207 (211.820679 -720.564880 77.635498 ) (211.820679 -793.306458 77.635498 ) (211.820679 -792.780334 128.634995 ) (211.820679 -720.042542 128.634995 ) 
4 168 204 (211.820679 -694.411987 126.635002 ) (211.820679 -659.699951 126.635002 ) (211.820679 -659.700012 85.635498 ) (211.820679 -694.411987 85.635498 ) 
4 168 203 (211.820679 -720.482971 85.635498 ) (211.820679 -720.063049 126.635002 ) (211.820679 -694.411987 126.635002 ) (211.820679 -694.411987 85.635498 ) 
4 168 202 (211.820679 -720.063049 126.635002 ) (211.820679 -720.042542 128.634995 ) (211.820679 -659.699951 128.634995 ) (211.820679 -659.699951 126.635002 ) 
4 168 206 (211.820679 -659.700012 77.635498 ) (211.820679 -720.564880 77.635498 ) (211.820679 -720.482971 85.635498 ) (211.820679 -659.700012 85.635498 ) 
4 168 197 (211.820679 -596.886902 77.635498 ) (211.820679 -659.700012 77.635498 ) (211.820679 -659.699951 128.634995 ) (211.820679 -596.889832 128.634995 ) 
4 168 186 (211.820679 -793.306458 77.635498 ) (211.820679 -1024 77.635498 ) (211.820679 -1024 128.634995 ) (211.820679 -792.780334 128.634995 ) 
4 168 185 (211.820679 -1024 128.634995 ) (211.820679 -1024 129.634995 ) (211.820679 -596.889893 129.634995 ) (211.820679 -596.889832 128.634995 ) 
4 168 176 (234.424728 -711.849121 77.635498 ) (211.820679 -596.885498 77.635498 ) (211.820679 -596.888489 129.634995 ) (234.424973 -711.853333 129.634995 ) 
4 168 172 (215.337036 -993.924866 129.634995 ) (213.301834 -1024 129.634995 ) (213.301300 -1024 77.635498 ) (215.201187 -995.924561 77.635498 ) 
4 168 171 (215.565918 -990.542664 129.634995 ) (215.364090 -993.525085 129.634995 ) (215.229355 -995.508301 77.635498 ) (215.431213 -992.525269 77.635498 ) 
4 168 170 (215.364090 -993.525085 129.634995 ) (215.337036 -993.924866 129.634995 ) (215.201187 -995.924561 77.635498 ) (215.229355 -995.508301 77.635498 ) 
4 168 169 (234.424698 -711.850037 77.635498 ) (234.424942 -711.854309 129.634995 ) (215.565918 -990.542664 129.634995 ) (215.431213 -992.525269 77.635498 ) 
5 169 212 (215.431198 -992.525269 77.635498 ) (234.424652 -711.850159 77.635498 ) (246.441437 -772.967163 77.635498 ) (230.173981 -1000.559998 77.635498 ) (221.115112 -997.755432 77.635498 ) 
4 169 176 (246.441513 -772.966187 77.635498 ) (234.424728 -711.849121 77.635498 ) (234.424973 -711.853333 129.634995 ) (246.436249 -772.942383 129.634995 ) 
4 169 174 (221.116440 -997.756653 77.635498 ) (230.173935 -1000.560791 77.635498 ) (230.309906 -998.561157 129.634995 ) (221.222519 -995.747803 129.634995 ) 
4 169 171 (221.115067 -997.755066 77.635498 ) (221.221146 -995.746155 129.634995 ) (215.565903 -990.542358 129.634995 ) (215.431213 -992.524963 77.635498 ) 
3 170 212 (215.201172 -995.924561 77.635498 ) (215.229340 -995.508301 77.635498 ) (215.919205 -996.146851 77.635498 ) 
4 170 172 (215.337006 -993.925659 129.634995 ) (215.201157 -995.925354 77.635498 ) (215.920547 -996.148071 77.635498 ) (216.028046 -994.139587 129.634995 ) 
4 170 171 (216.029373 -994.139221 129.634995 ) (215.921844 -996.147705 77.635498 ) (215.229431 -995.506836 77.635498 ) (215.364182 -993.523560 129.634995 ) 
4 171 212 (215.229340 -995.508301 77.635498 ) (215.431198 -992.525269 77.635498 ) (221.115112 -997.755432 77.635498 ) (215.919205 -996.146851 77.635498 ) 
4 171 175 (215.920547 -996.148071 77.635498 ) (221.116440 -997.756653 77.635498 ) (221.222519 -995.747803 129.634995 ) (216.028046 -994.139587 129.634995 ) 
4 172 218 (213.301285 -1024 77.635498 ) (228.498581 -1024 77.635498 ) (228.491638 -1024 129.634995 ) (213.301819 -1024 129.634995 ) 
5 172 212 (228.498581 -1024 77.635498 ) (213.301285 -1024 77.635498 ) (215.201172 -995.924561 77.635498 ) (215.919220 -996.146851 77.635498 ) (229.585312 -1008.795959 77.635498 ) 
4 172 175 (220.886047 -1000.742432 77.635498 ) (215.922241 -996.148010 77.635498 ) (216.029770 -994.139526 129.634995 ) (220.993347 -998.733765 129.634995 ) 
4 172 173 (229.720230 -1006.811218 129.634995 ) (229.585434 -1008.794434 77.635498 ) (220.886047 -1000.742432 77.635498 ) (220.993347 -998.733765 129.634995 ) 
3 173 212 (229.960983 -1003.539917 77.635498 ) (229.585312 -1008.795959 77.635498 ) (220.883453 -1000.741638 77.635498 ) 
4 173 174 (230.097061 -1001.539001 129.634995 ) (229.961075 -1003.538879 77.635498 ) (220.882538 -1000.740295 77.635498 ) (220.989792 -998.731567 129.634995 ) 
5 174 212 (221.079498 -997.744446 77.635498 ) (230.173981 -1000.559998 77.635498 ) (229.960983 -1003.539917 77.635498 ) (220.883453 -1000.741638 77.635498 ) (220.859055 -1000.719055 77.635498 ) 
5 174 175 (221.224945 -995.747742 129.634995 ) (221.079391 -997.744446 77.635498 ) (220.858978 -1000.719055 77.635498 ) (220.948502 -999.490662 109.980721 ) (221.003525 -998.735901 129.634995 ) 
3 175 212 (215.919220 -996.146851 77.635498 ) (221.079498 -997.744446 77.635498 ) (220.859055 -1000.719055 77.635498 ) 
6 176 212 (211.820679 -528 77.635498 ) (214.885468 -528 77.635498 ) (304.868073 -992.294128 77.635498 ) (299.899231 -998.141602 77.635498 ) (291.282990 -1001.030090 77.635498 ) (211.820679 -596.886902 77.635498 ) 
4 176 197 (211.820679 -528 128.634995 ) (211.820679 -528 77.635498 ) (211.820679 -596.886902 77.635498 ) (211.820679 -596.889832 128.634995 ) 
4 176 185 (211.820679 -528 129.634995 ) (211.820679 -528 128.634995 ) (211.820679 -596.889832 128.634995 ) (211.820679 -596.889893 129.634995 ) 
4 176 180 (290.897766 -999.076416 129.634995 ) (291.282684 -1001.031067 77.635498 ) (299.898193 -998.142822 77.635498 ) (299.494751 -996.194397 129.634995 ) 
4 176 178 (299.494812 -996.194153 129.634995 ) (299.898254 -998.142578 77.635498 ) (304.868011 -992.294067 77.635498 ) (304.481415 -990.325745 129.634995 ) 
3 177 212 (305.437531 -995.232544 77.635498 ) (305.629059 -996.220764 77.635498 ) (304.191681 -996.702637 77.635498 ) 
4 177 181 (304.190704 -996.703796 77.635498 ) (305.629211 -996.221558 77.635498 ) (305.245209 -994.266602 129.634995 ) (303.795380 -994.752625 129.634995 ) 
4 177 178 (305.051575 -993.267578 129.634995 ) (305.437103 -995.230286 77.635498 ) (304.188416 -996.703674 77.635498 ) (303.793121 -994.752502 129.634995 ) 
4 178 212 (304.868073 -992.294128 77.635498 ) (305.437531 -995.232544 77.635498 ) (304.191681 -996.702637 77.635498 ) (299.899231 -998.141602 77.635498 ) 
4 178 183 (299.898193 -998.142822 77.635498 ) (304.190704 -996.703796 77.635498 ) (303.795380 -994.752625 129.634995 ) (299.494751 -996.194397 129.634995 ) 
3 179 212 (292.440826 -1006.918884 77.635498 ) (291.862915 -1003.979553 77.635498 ) (296.173035 -1002.526733 77.635498 ) 
4 179 182 (295.775665 -1000.570984 129.634995 ) (292.053436 -1004.951477 129.634995 ) (292.440857 -1006.918823 77.635498 ) (296.172852 -1002.526794 77.635498 ) 
4 179 180 (295.776489 -1000.569885 129.634995 ) (296.173676 -1002.525696 77.635498 ) (291.862823 -1003.978882 77.635498 ) (291.476929 -1002.019287 129.634995 ) 
4 180 212 (291.862915 -1003.979553 77.635498 ) (291.282990 -1001.030090 77.635498 ) (299.899231 -998.141602 77.635498 ) (296.173035 -1002.526733 77.635498 ) 
4 180 184 (299.898254 -998.142578 77.635498 ) (299.494812 -996.194153 129.634995 ) (295.775665 -1000.570984 129.634995 ) (296.172852 -1002.526794 77.635498 ) 
4 181 218 (295.799316 -1024 77.635498 ) (311.012787 -1024 77.635498 ) (311.007660 -1024 129.634995 ) (295.798737 -1024 129.634995 ) 
5 181 212 (305.629059 -996.220764 77.635498 ) (311.012817 -1024 77.635498 ) (295.799316 -1024 77.635498 ) (293.023254 -1009.881042 77.635498 ) (304.191681 -996.702637 77.635498 ) 
4 181 183 (303.793121 -994.752502 129.634995 ) (304.188416 -996.703674 77.635498 ) (300.485504 -1001.072998 77.635498 ) (300.096375 -999.114563 129.634995 ) 
4 181 182 (300.485504 -1001.072998 77.635498 ) (293.022827 -1009.878723 77.635498 ) (292.636505 -1007.916931 129.634995 ) (300.096375 -999.114563 129.634995 ) 
4 182 212 (293.023254 -1009.881042 77.635498 ) (292.440826 -1006.918884 77.635498 ) (296.173035 -1002.526733 77.635498 ) (300.488800 -1001.071899 77.635498 ) 
4 182 184 (300.100250 -999.112549 129.634995 ) (300.489288 -1001.071106 77.635498 ) (296.173828 -1002.525818 77.635498 ) (295.776642 -1000.570007 129.634995 ) 
5 183 212 (299.895569 -998.145935 77.635498 ) (299.899231 -998.141602 77.635498 ) (304.191681 -996.702637 77.635498 ) (300.488800 -1001.071899 77.635498 ) (300.464996 -1001.079956 77.635498 ) 
5 183 184 (299.834869 -997.830994 85.926109 ) (299.895599 -998.145874 77.635498 ) (300.465485 -1001.082214 77.635498 ) (300.087067 -999.120056 129.634995 ) (299.517609 -996.185852 129.634995 ) 
3 184 212 (296.173035 -1002.526733 77.635498 ) (299.895569 -998.145935 77.635498 ) (300.464996 -1001.079956 77.635498 ) 
4 185 218 (196 -1024 128.634995 ) (211.820679 -1024 128.634995 ) (211.820679 -1024 176 ) (196 -1024 176 ) 
4 185 209 (209.950012 -793.142273 128.634995 ) (207 -793.713074 128.634995 ) (207.290009 -720.918762 128.634995 ) (210.240997 -720.348022 128.634995 ) 
4 185 208 (207 -793.713074 128.634995 ) (196 -795.841370 128.634995 ) (196 -723.102173 128.634995 ) (207.290009 -720.918762 128.634995 ) 
4 185 207 (211.820679 -720.042542 128.634995 ) (211.820679 -792.780334 128.634995 ) (209.950012 -793.142273 128.634995 ) (210.240997 -720.348022 128.634995 ) 
4 185 202 (211.820679 -659.700012 128.634995 ) (211.820679 -720.042542 128.634995 ) (196 -723.102173 128.634995 ) (196 -660.752380 128.634995 ) 
4 185 201 (210.038940 -541.085022 128.634995 ) (210.222000 -578.756348 128.634995 ) (207.272049 -579.326843 128.634995 ) (207.078995 -541.654907 128.634995 ) 
4 185 200 (207.272049 -579.326843 128.634995 ) (196 -581.506775 128.634995 ) (196 -543.788086 128.634995 ) (207.078995 -541.654907 128.634995 ) 
4 185 199 (196 -528 128.634995 ) (209.975357 -528 128.634995 ) (210.038940 -541.085022 128.634995 ) (196 -543.788086 128.634995 ) 
4 185 198 (210.222000 -578.756348 128.634995 ) (210.615738 -659.780151 128.634995 ) (196 -660.752380 128.634995 ) (196 -581.506775 128.634995 ) 
4 185 197 (209.975357 -528 128.634995 ) (211.820679 -528 128.634995 ) (211.820679 -659.700012 128.634995 ) (210.615738 -659.780151 128.634995 ) 
4 185 196 (207.115997 -934.886230 128.634995 ) (210.055984 -934.317993 128.634995 ) (209.968994 -971.421692 128.634995 ) (207.018997 -971.989990 128.634995 ) 
4 185 195 (196 -974.112610 128.634995 ) (196 -937.034851 128.634995 ) (207.115997 -934.886230 128.634995 ) (207.018997 -971.989990 128.634995 ) 
4 185 194 (209.845734 -1024 128.634995 ) (196 -1024 128.634995 ) (196 -974.112610 128.634995 ) (209.968994 -971.421692 128.634995 ) 
4 185 193 (210.824677 -1024 128.634995 ) (209.845734 -1024 128.634995 ) (210.055984 -934.317993 128.634995 ) (210.824677 -934.169434 128.634995 ) 
4 185 187 (196 -937.034851 128.634995 ) (196 -795.841370 128.634995 ) (210.824677 -792.973022 128.634995 ) (210.824677 -934.169434 128.634995 ) 
4 185 186 (211.820679 -792.780334 128.634995 ) (211.820679 -1024 128.634995 ) (210.824677 -1024 128.634995 ) (210.824677 -792.973022 128.634995 ) 
4 186 218 (210.824677 -1024 77.635498 ) (211.820679 -1024 77.635498 ) (211.820679 -1024 128.634995 ) (210.824677 -1024 128.634995 ) 
4 186 212 (211.820679 -793.306519 77.635498 ) (211.820679 -1024 77.635498 ) (210.824677 -1024 77.635498 ) (210.824677 -793.499207 77.635498 ) 
4 186 207 (210.824677 -792.973694 128.634995 ) (211.820679 -792.781006 128.634995 ) (211.820679 -793.307190 77.635498 ) (210.824677 -793.499878 77.635498 ) 
4 186 193 (210.824677 -934.695740 77.635498 ) (210.824677 -1024 77.635498 ) (210.824677 -1024 128.634995 ) (210.824677 -934.169434 128.634995 ) 
4 186 190 (210.824677 -819.906311 85.635498 ) (210.824677 -854.616821 85.635498 ) (210.824677 -854.616821 126.635002 ) (210.824677 -819.906372 126.635002 ) 
4 186 189 (210.824677 -854.616821 85.635498 ) (210.824677 -934.613159 85.635498 ) (210.824677 -934.190063 126.635002 ) (210.824677 -854.616821 126.635002 ) 
4 186 188 (210.824677 -792.993042 126.635002 ) (210.824677 -793.416077 85.635498 ) (210.824677 -819.906311 85.635498 ) (210.824677 -819.906372 126.635002 ) 
4 186 187 (210.824677 -792.972412 128.634995 ) (210.824677 -792.993042 126.635002 ) (210.824677 -934.190063 126.635002 ) (210.824677 -934.169434 128.634995 ) 
4 186 192 (210.824677 -793.416077 85.635498 ) (210.824677 -793.498596 77.635498 ) (210.824677 -934.695740 77.635498 ) (210.824677 -934.613159 85.635498 ) 
4 187 209 (207 -793.713745 128.634995 ) (209.949997 -793.142944 128.634995 ) (209.961853 -793.161255 126.635002 ) (207.012238 -793.731934 126.635002 ) 
4 187 208 (196 -795.862671 126.635002 ) (196 -795.842041 128.634995 ) (207 -793.713745 128.634995 ) (207.012238 -793.731934 126.635002 ) 
4 187 207 (209.949997 -793.142944 128.634995 ) (210.824677 -792.973694 128.634995 ) (210.824677 -792.994324 126.635002 ) (209.961853 -793.161255 126.635002 ) 
4 187 196 (207.127838 -934.905090 126.635002 ) (210.068222 -934.336731 126.635002 ) (210.055984 -934.318420 128.634995 ) (207.115997 -934.886658 128.634995 ) 
4 187 195 (196 -937.035278 128.634995 ) (196 -937.055908 126.635002 ) (207.127838 -934.905090 126.635002 ) (207.115997 -934.886658 128.634995 ) 
4 187 193 (210.068222 -934.336731 126.635002 ) (210.824677 -934.190491 126.635002 ) (210.824677 -934.169861 128.634995 ) (210.055984 -934.318420 128.634995 ) 
4 187 191 (196 -855.486511 126.635002 ) (196 -820.777893 126.635002 ) (209.414337 -819.989258 126.635002 ) (209.414337 -854.699585 126.635002 ) 
4 187 190 (209.414337 -819.989258 126.635002 ) (210.824677 -819.906372 126.635002 ) (210.824677 -854.616821 126.635002 ) (209.414337 -854.699585 126.635002 ) 
4 187 189 (210.824677 -934.189087 126.635002 ) (196 -937.054504 126.635002 ) (196 -855.486511 126.635002 ) (210.824677 -854.616821 126.635002 ) 
4 187 188 (196 -820.777893 126.635002 ) (196 -795.861938 126.635002 ) (210.824677 -792.993652 126.635002 ) (210.824677 -819.906372 126.635002 ) 
4 188 209 (207.012238 -793.731934 126.635002 ) (209.961853 -793.161255 126.635002 ) (210.204636 -793.537354 85.635498 ) (207.263046 -794.106506 85.635498 ) 
4 188 208 (196 -796.285706 85.635498 ) (196 -795.862671 126.635002 ) (207.012238 -793.731934 126.635002 ) (207.263046 -794.106506 85.635498 ) 
4 188 207 (209.961853 -793.161255 126.635002 ) (210.824677 -792.994324 126.635002 ) (210.824677 -793.417358 85.635498 ) (210.204636 -793.537354 85.635498 ) 
4 188 191 (196 -820.777954 85.635498 ) (209.414337 -819.989319 85.635498 ) (209.414337 -819.989380 126.635002 ) (196 -820.778015 126.635002 ) 
4 188 190 (209.414337 -819.989319 85.635498 ) (210.824677 -819.906433 85.635498 ) (210.824677 -819.906494 126.635002 ) (209.414337 -819.989380 126.635002 ) 
4 188 192 (196 -820.777893 85.635498 ) (196 -796.284973 85.635498 ) (210.824677 -793.416687 85.635498 ) (210.824677 -819.906311 85.635498 ) 
4 189 196 (207.370621 -935.281189 85.635498 ) (210.319046 -934.711304 85.635498 ) (210.068222 -934.336731 126.635002 ) (207.127838 -934.905090 126.635002 ) 
4 189 195 (196 -937.055908 126.635002 ) (196 -937.479004 85.635498 ) (207.370621 -935.281189 85.635498 ) (207.127838 -934.905090 126.635002 ) 
4 189 193 (210.319046 -934.711304 85.635498 ) (210.824677 -934.613586 85.635498 ) (210.824677 -934.190491 126.635002 ) (210.068222 -934.336731 126.635002 ) 
4 189 191 (209.414337 -854.699402 85.635498 ) (196 -855.486328 85.635498 ) (196 -855.486328 126.635002 ) (209.414337 -854.699402 126.635002 ) 
4 189 190 (210.824677 -854.616699 85.635498 ) (209.414337 -854.699402 85.635498 ) (209.414337 -854.699402 126.635002 ) (210.824677 -854.616699 126.635002 ) 
4 189 192 (210.824677 -934.612427 85.635498 ) (196 -937.477844 85.635498 ) (196 -855.486511 85.635498 ) (210.824677 -854.616821 85.635498 ) 
4 190 192 (209.414337 -819.989258 85.635498 ) (210.824677 -819.906311 85.635498 ) (210.824677 -854.616821 85.635498 ) (209.414337 -854.699585 85.635498 ) 
4 190 191 (209.414337 -819.989258 126.635002 ) (209.414337 -819.989258 85.635498 ) (209.414337 -854.699280 85.635498 ) (209.414337 -854.699280 126.635002 ) 
4 191 192 (196 -855.486511 85.635498 ) (196 -820.777893 85.635498 ) (209.414337 -819.989258 85.635498 ) (209.414337 -854.699585 85.635498 ) 
4 192 212 (196 -937.561157 77.635498 ) (196 -796.367493 77.635498 ) (210.824677 -793.499207 77.635498 ) (210.824677 -934.695740 77.635498 ) 
4 192 209 (207.263046 -794.106506 85.635498 ) (210.204636 -793.537354 85.635498 ) (210.251999 -793.610657 77.635498 ) (207.311996 -794.179504 77.635498 ) 
4 192 208 (196 -796.368225 77.635498 ) (196 -796.285706 85.635498 ) (207.263046 -794.106506 85.635498 ) (207.311996 -794.179504 77.635498 ) 
4 192 207 (210.204636 -793.537354 85.635498 ) (210.824677 -793.417358 85.635498 ) (210.824677 -793.499878 77.635498 ) (210.251999 -793.610657 77.635498 ) 
4 192 196 (207.417984 -935.354614 77.635498 ) (210.367996 -934.784424 77.635498 ) (210.319046 -934.711304 85.635498 ) (207.370621 -935.281189 85.635498 ) 
4 192 195 (196 -937.479004 85.635498 ) (196 -937.561584 77.635498 ) (207.417984 -935.354614 77.635498 ) (207.370621 -935.281189 85.635498 ) 
4 192 193 (210.367996 -934.784424 77.635498 ) (210.824677 -934.696167 77.635498 ) (210.824677 -934.613586 85.635498 ) (210.319046 -934.711304 85.635498 ) 
4 193 218 (210.158813 -1024 77.635498 ) (210.824677 -1024 77.635498 ) (210.824677 -1024 128.634995 ) (209.845734 -1024 128.634995 ) 
4 193 212 (210.824677 -1024 77.635498 ) (210.158813 -1024 77.635498 ) (210.367996 -934.783997 77.635498 ) (210.824677 -934.695740 77.635498 ) 
4 193 196 (210.056000 -934.317139 128.634995 ) (210.367996 -934.783142 77.635498 ) (210.281006 -971.885010 77.635498 ) (209.969009 -971.421692 128.634995 ) 
4 193 194 (210.281006 -971.885010 77.635498 ) (210.158813 -1024 77.635498 ) (209.845734 -1024 128.634995 ) (209.969009 -971.421692 128.634995 ) 
4 194 218 (196 -1024 77.635498 ) (210.158813 -1024 77.635498 ) (209.845734 -1024 128.634995 ) (196 -1024 128.634995 ) 
4 194 212 (210.158813 -1024 77.635498 ) (196 -1024 77.635498 ) (196 -974.636047 77.635498 ) (210.281006 -971.885010 77.635498 ) 
4 194 196 (209.969589 -971.421631 128.634995 ) (210.281601 -971.884888 77.635498 ) (207.320984 -972.455200 77.635498 ) (207.018997 -971.990051 128.634995 ) 
4 194 195 (207.320984 -972.455200 77.635498 ) (196 -974.636047 77.635498 ) (196 -974.112671 128.634995 ) (207.018997 -971.990051 128.634995 ) 
4 195 212 (196 -974.636047 77.635498 ) (196 -937.561157 77.635498 ) (207.417984 -935.354187 77.635498 ) (207.320984 -972.455200 77.635498 ) 
4 195 196 (207.018997 -971.989563 128.634995 ) (207.320999 -972.454773 77.635498 ) (207.417984 -935.354187 77.635498 ) (207.115997 -934.886230 128.634995 ) 
4 196 212 (207.417984 -935.354187 77.635498 ) (210.367996 -934.783997 77.635498 ) (210.281006 -971.885010 77.635498 ) (207.320984 -972.455200 77.635498 ) 
4 197 212 (210.275101 -528 77.635498 ) (211.820679 -528 77.635498 ) (211.820679 -659.700012 77.635498 ) (210.915375 -659.760254 77.635498 ) 
4 197 204 (211.820679 -659.700134 85.635498 ) (211.820679 -659.700134 126.635002 ) (210.627487 -659.779480 126.635002 ) (210.868378 -659.763489 85.635498 ) 
4 197 202 (211.820679 -659.700134 126.635002 ) (211.820679 -659.700134 128.634995 ) (210.615738 -659.780273 128.634995 ) (210.627487 -659.779480 126.635002 ) 
4 197 206 (211.820679 -659.700134 77.635498 ) (211.820679 -659.700134 85.635498 ) (210.868378 -659.763489 85.635498 ) (210.915375 -659.760376 77.635498 ) 
4 197 201 (210.222031 -578.756348 128.634995 ) (210.038971 -541.085022 128.634995 ) (210.341019 -541.562012 77.635498 ) (210.524033 -579.222961 77.635498 ) 
4 197 199 (210.038971 -541.085022 128.634995 ) (209.975388 -528 128.634995 ) (210.275116 -528 77.635498 ) (210.341019 -541.562012 77.635498 ) 
4 197 198 (210.915405 -659.760071 77.635498 ) (210.615768 -659.780029 128.634995 ) (210.222031 -578.756348 128.634995 ) (210.524033 -579.222961 77.635498 ) 
4 198 212 (210.524017 -579.222961 77.635498 ) (210.915375 -659.760254 77.635498 ) (196 -660.752380 77.635498 ) (196 -582.031860 77.635498 ) 
4 198 205 (196 -660.752563 126.635002 ) (196 -660.752563 85.635498 ) (210.407669 -659.794128 85.635498 ) (210.407669 -659.794128 126.635002 ) 
4 198 204 (210.407669 -659.794128 85.635498 ) (210.868378 -659.763489 85.635498 ) (210.627487 -659.779480 126.635002 ) (210.407669 -659.794128 126.635002 ) 
4 198 202 (210.615738 -659.780273 128.634995 ) (196 -660.752563 128.634995 ) (196 -660.752563 126.635002 ) (210.627487 -659.779480 126.635002 ) 
4 198 206 (196 -660.752563 85.635498 ) (196 -660.752563 77.635498 ) (210.915375 -659.760376 77.635498 ) (210.868378 -659.763489 85.635498 ) 
4 198 201 (210.222183 -578.755981 128.634995 ) (210.524185 -579.222656 77.635498 ) (207.584000 -579.791260 77.635498 ) (207.272049 -579.326538 128.634995 ) 
4 198 200 (207.584000 -579.791260 77.635498 ) (196 -582.031555 77.635498 ) (196 -581.506470 128.634995 ) (207.272049 -579.326538 128.634995 ) 
4 199 212 (196 -528 77.635498 ) (210.275101 -528 77.635498 ) (210.341003 -541.562012 77.635498 ) (196 -544.323242 77.635498 ) 
4 199 201 (210.340149 -541.562317 77.635498 ) (210.038101 -541.085327 128.634995 ) (207.079010 -541.655090 128.634995 ) (207.391006 -542.130127 77.635498 ) 
4 199 200 (207.079010 -541.655090 128.634995 ) (196 -543.788269 128.634995 ) (196 -544.323425 77.635498 ) (207.391006 -542.130127 77.635498 ) 
4 200 212 (207.584000 -579.791565 77.635498 ) (196 -582.031860 77.635498 ) (196 -544.323242 77.635498 ) (207.391006 -542.130005 77.635498 ) 
4 200 201 (207.272079 -579.326782 128.634995 ) (207.584030 -579.791565 77.635498 ) (207.391052 -542.129700 77.635498 ) (207.079056 -541.654663 128.634995 ) 
4 201 212 (210.341003 -541.562012 77.635498 ) (210.524017 -579.222961 77.635498 ) (207.584000 -579.791565 77.635498 ) (207.391006 -542.130005 77.635498 ) 
4 202 209 (210.240997 -720.348206 128.634995 ) (207.290009 -720.918945 128.634995 ) (207.302231 -720.937073 126.635002 ) (210.252838 -720.366455 126.635002 ) 
4 202 208 (207.290009 -720.918945 128.634995 ) (196 -723.102356 128.634995 ) (196 -723.122864 126.635002 ) (207.302231 -720.937073 126.635002 ) 
4 202 207 (211.820679 -720.063232 126.635002 ) (211.820679 -720.042725 128.634995 ) (210.240997 -720.348206 128.634995 ) (210.252838 -720.366455 126.635002 ) 
4 202 205 (196 -695.465149 126.635002 ) (196 -660.752502 126.635002 ) (210.407669 -659.794067 126.635002 ) (210.407669 -694.506042 126.635002 ) 
4 202 204 (210.407669 -659.794067 126.635002 ) (211.820679 -659.700073 126.635002 ) (211.820679 -694.411987 126.635002 ) (210.407669 -694.506042 126.635002 ) 
4 202 203 (211.820679 -720.063660 126.635002 ) (196 -723.123291 126.635002 ) (196 -695.465149 126.635002 ) (211.820679 -694.411987 126.635002 ) 
4 203 209 (210.252838 -720.366455 126.635002 ) (207.302231 -720.937073 126.635002 ) (207.553055 -721.308533 85.635498 ) (210.495636 -720.739441 85.635498 ) 
4 203 208 (207.302231 -720.937073 126.635002 ) (196 -723.122864 126.635002 ) (196 -723.542786 85.635498 ) (207.553055 -721.308533 85.635498 ) 
4 203 207 (211.820679 -720.483154 85.635498 ) (211.820679 -720.063232 126.635002 ) (210.252838 -720.366455 126.635002 ) (210.495636 -720.739441 85.635498 ) 
4 203 205 (210.407669 -694.506104 85.635498 ) (196 -695.465210 85.635498 ) (196 -695.465210 126.635002 ) (210.407669 -694.506104 126.635002 ) 
4 203 204 (211.820679 -694.412048 85.635498 ) (210.407669 -694.506104 85.635498 ) (210.407669 -694.506104 126.635002 ) (211.820679 -694.412048 126.635002 ) 
4 203 206 (211.820679 -720.482117 85.635498 ) (196 -723.541748 85.635498 ) (196 -695.465149 85.635498 ) (211.820679 -694.411987 85.635498 ) 
4 204 206 (210.407669 -659.793579 85.635498 ) (211.820679 -659.699585 85.635498 ) (211.820679 -694.411987 85.635498 ) (210.407669 -694.506042 85.635498 ) 
4 204 205 (210.407669 -659.793945 85.635498 ) (210.407669 -694.506348 85.635498 ) (210.407669 -694.506348 126.635002 ) (210.407669 -659.793945 126.635002 ) 
4 205 206 (196 -695.465149 85.635498 ) (196 -660.752014 85.635498 ) (210.407669 -659.793579 85.635498 ) (210.407669 -694.506042 85.635498 ) 
4 206 212 (211.820679 -659.700012 77.635498 ) (211.820679 -720.564880 77.635498 ) (196 -723.624512 77.635498 ) (196 -660.752380 77.635498 ) 
4 206 209 (210.495636 -720.739441 85.635498 ) (207.553055 -721.308533 85.635498 ) (207.602005 -721.380981 77.635498 ) (210.542999 -720.812195 77.635498 ) 
4 206 208 (207.553055 -721.308533 85.635498 ) (196 -723.542786 85.635498 ) (196 -723.624756 77.635498 ) (207.602005 -721.380981 77.635498 ) 
4 206 207 (211.820679 -720.565125 77.635498 ) (211.820679 -720.483154 85.635498 ) (210.495636 -720.739441 85.635498 ) (210.542999 -720.812195 77.635498 ) 
4 207 212 (211.820679 -720.564880 77.635498 ) (211.820679 -793.306519 77.635498 ) (210.251999 -793.610046 77.635498 ) (210.542999 -720.811951 77.635498 ) 
4 207 209 (210.240997 -720.347717 128.634995 ) (210.542999 -720.811707 77.635498 ) (210.251984 -793.609924 77.635498 ) (209.949997 -793.142212 128.634995 ) 
4 208 212 (207.311996 -794.178894 77.635498 ) (196 -796.367493 77.635498 ) (196 -723.624512 77.635498 ) (207.602005 -721.380737 77.635498 ) 
4 208 209 (207.602036 -721.381897 77.635498 ) (207.290024 -720.919861 128.634995 ) (207 -793.713074 128.634995 ) (207.312027 -794.178894 77.635498 ) 
4 209 212 (210.251999 -793.610046 77.635498 ) (207.311996 -794.178894 77.635498 ) (207.602005 -721.380737 77.635498 ) (210.542999 -720.811951 77.635498 ) 
4 210 224 (0 -512 77.635498 ) (0 -192 77.635498 ) (0 -192 48 ) (0 -512 48 ) 
4 210 223 (0 -192 77.635498 ) (0 0 77.635498 ) (0 0 48 ) (0 -192 48 ) 
4 210 213 (180 0 48 ) (512 0 48 ) (512 -512 48 ) (180 -512 48 ) 
4 210 211 (180 -512 48 ) (512 -512 48 ) (512 -512 77.635498 ) (180 -512 77.635498 ) 
4 211 213 (180 -512 48 ) (512 -512 48 ) (512 -528 48 ) (180 -528 48 ) 
4 211 212 (196 -528 48 ) (496 -528 48 ) (496 -528 77.635498 ) (196 -528 77.635498 ) 
4 212 218 (196 -1024 48 ) (496 -1024 48 ) (496 -1024 77.635498 ) (196 -1024 77.635498 ) 
4 212 214 (496 -1024 48 ) (196 -1024 48 ) (196 -528 48 ) (496 -528 48 ) 
4 213 214 (196 -528 0 ) (496 -528 0 ) (496 -528 48 ) (196 -528 48 ) 
4 214 218 (496 -1024 48 ) (196 -1024 48 ) (196 -1024 0 ) (496 -1024 0 ) 
4 215 227 (0 -1152 384 ) (0 -1024 384 ) (0 -1024 256 ) (0 -1152 256 ) 
4 215 217 (132 -1152 256 ) (560 -1152 256 ) (560 -1152 384 ) (132 -1152 384 ) 
4 216 220 (816 -1408 256 ) (816 -1408 384 ) (688 -1408 384 ) (688 -1408 256 ) 
4 216 217 (560 -1216 256 ) (560 -1408 256 ) (560 -1408 384 ) (560 -1216 384 ) 
4 219 220 (688 -1408 400 ) (816 -1408 400 ) (816 -1696 400 ) (688 -1696 400 ) 
4 222 223 (0 0 48 ) (0 0 248 ) (-124 0 248 ) (-124 0 48 ) 
4 223 224 (-124 -192 248 ) (-124 -192 48 ) (0 -192 48 ) (0 -192 248 ) 
4 224 225 (-124 -512 384 ) (-124 -512 256 ) (0 -512 256 ) (0 -512 384 ) 
4 226 227 (0 -1024 256 ) (0 -1024 384 ) (-124 -1024 384 ) (-124 -1024 256 ) 
