PRT1
107
338
4 0 28 (192 1150.060547 208.484329 ) (192 1152.003418 191.970444 ) (192 1150 175 ) (192 1144.365845 162.926834 ) 
4 0 26 (194 1150.060669 208.484940 ) (192 1150.060669 208.484940 ) (192 1146 176 ) (194 1146 176 ) 
4 0 25 (194 1148 192 ) (194 1146 176 ) (196 1146 176 ) (196 1148 192 ) 
4 0 20 (194 1149.095947 200.767349 ) (194 1148 192 ) (196 1148 192 ) (196 1149.097290 200.777435 ) 
4 0 19 (196 1150.060669 208.484940 ) (194 1150.060669 208.484940 ) (194 1149.095947 200.767349 ) (196 1149.097290 200.777435 ) 
4 0 14 (320 1146 176 ) (320 1150.060669 208.484940 ) (196 1150.060669 208.484940 ) (196 1146 176 ) 
4 0 2 (192 1144.365967 162.926987 ) (320 1144.365967 162.926987 ) (320 1146 176 ) (192 1146 176 ) 
4 1 28 (192 1117.073120 135.634140 ) (192 1105 130 ) (192 1088 128 ) (192 1071.515137 129.939392 ) 
4 1 26 (192 1104 134 ) (192 1088 132 ) (194 1088 132 ) (194 1104 134 ) 
4 1 25 (194 1088 132 ) (196 1088 132 ) (196 1104 134 ) (194 1104 134 ) 
4 1 14 (196 1088 132 ) (320 1088 132 ) (320 1104 134 ) (196 1104 134 ) 
4 1 6 (192 1088 132 ) (192 1071.515137 129.939392 ) (320 1071.515137 129.939392 ) (320 1088 132 ) 
4 1 5 (192 1112 135 ) (192 1104 134 ) (320 1104 134 ) (320 1112 135 ) 
4 1 4 (320 1117.073120 135.634140 ) (192 1117.073120 135.634140 ) (192 1112 135 ) (320 1112 135 ) 
4 2 28 (192 1146 176 ) (192 1144.365845 162.926834 ) (192 1143 160 ) (192 1134.290283 148.677277 ) 
4 2 26 (194 1146 175.996521 ) (192 1146 175.996521 ) (192 1140.002075 162.002457 ) (194 1140.002075 162.002457 ) 
4 2 25 (196 1146 175.996521 ) (194 1146 175.996521 ) (194 1140.002075 162.002457 ) (196 1140.002075 162.002457 ) 
4 2 14 (320 1140.002075 162.002457 ) (320 1146 175.996521 ) (196 1146 175.996521 ) (196 1140.002075 162.002457 ) 
4 2 3 (192 1134.292603 148.680283 ) (320 1134.292603 148.680283 ) (320 1140.002075 162.002457 ) (192 1140.002075 162.002457 ) 
5 3 28 (192 1140 162 ) (192 1134.290283 148.677277 ) (192 1133 147 ) (192 1120 137 ) (192 1118.636475 136.363708 ) 
4 3 26 (194 1140 162.002930 ) (192 1140 162.002930 ) (192 1129.993774 149.994858 ) (194 1129.993774 149.994858 ) 
4 3 25 (196 1140 162.002930 ) (194 1140 162.002930 ) (194 1129.993774 149.994858 ) (196 1129.993774 149.994858 ) 
4 3 14 (320 1129.993774 149.994858 ) (320 1140 162.002930 ) (196 1140 162.002930 ) (196 1129.993774 149.994858 ) 
4 3 4 (192 1118.633301 136.362198 ) (320 1118.633301 136.362198 ) (320 1129.993774 149.994858 ) (192 1129.993774 149.994858 ) 
4 4 28 (192 1130 150 ) (192 1118.636475 136.363708 ) (192 1117.073120 135.634140 ) (192 1112 135 ) 
4 4 26 (194 1129.998169 149.997253 ) (192 1129.998169 149.997253 ) (192 1118.002930 140.001251 ) (194 1118.002930 140.001251 ) 
4 4 25 (196 1129.998169 149.997253 ) (194 1129.998169 149.997253 ) (194 1118.002930 140.001251 ) (196 1118.002930 140.001251 ) 
4 4 14 (320 1129.998169 149.997253 ) (196 1129.998169 149.997253 ) (196 1118.002930 140.001251 ) (320 1118.002930 140.001251 ) 
4 4 5 (192 1118.002930 140.001251 ) (192 1112.001709 135 ) (320 1112.001709 135 ) (320 1118.002930 140.001251 ) 
3 5 28 (192 1118 140 ) (192 1112 135 ) (192 1104 134 ) 
4 5 26 (194 1117.998901 140 ) (192 1117.998901 140 ) (192 1104 134 ) (194 1104 134 ) 
4 5 25 (196 1117.998901 140 ) (194 1117.998901 140 ) (194 1104 134 ) (196 1104 134 ) 
4 5 14 (320 1117.998901 140 ) (196 1117.998901 140 ) (196 1104 134 ) (320 1104 134 ) 
4 6 28 (192 1088 132 ) (192 1071.515137 129.939392 ) (192 1071 130 ) (192 1058.926880 135.634155 ) 
4 6 26 (194 1088 132 ) (192 1088 132 ) (192 1072.014160 133.998230 ) (194 1072.014160 133.998230 ) 
4 6 25 (196 1088 132 ) (194 1088 132 ) (194 1072.014160 133.998230 ) (196 1072.014160 133.998230 ) 
4 6 14 (320 1088 132 ) (196 1088 132 ) (196 1072.014160 133.998230 ) (320 1072.014160 133.998230 ) 
4 6 7 (192 1072.014160 133.998230 ) (192 1058.926880 135.634140 ) (320 1058.926880 135.634140 ) (320 1072.014160 133.998230 ) 
4 7 28 (192 1072.014038 133.998276 ) (192 1058.926880 135.634155 ) (192 1056 137 ) (192 1044.689331 145.700531 ) 
4 7 26 (194 1072.014771 133.998108 ) (192 1072.014771 133.998108 ) (192 1057.917358 140.035538 ) (194 1057.958496 140.017899 ) 
4 7 25 (196 1072.014771 133.998108 ) (194 1072.014771 133.998108 ) (194 1057.958496 140.017899 ) (196 1058 140 ) 
4 7 14 (320 1072.014771 133.998108 ) (196 1072.014771 133.998108 ) (196 1058 140 ) (320 1060.553223 138.906677 ) 
4 7 8 (192 1057.917358 140.035538 ) (192 1044.688843 145.700851 ) (320 1044.688843 145.700851 ) (320 1060.553223 138.906677 ) 
5 8 28 (192 1057.917725 140.035263 ) (192 1044.689331 145.700531 ) (192 1043 147 ) (192 1033 160 ) (192 1032.389038 161.309128 ) 
4 8 26 (194 1057.955811 140.018631 ) (192 1057.914551 140.036270 ) (192 1046.095337 149.885635 ) (194 1046.049805 149.940231 ) 
4 8 25 (196 1057.996948 140 ) (194 1057.955811 140.018631 ) (194 1046.049805 149.940231 ) (196 1046.004395 149.994827 ) 
4 8 14 (320 1060.550415 138.907410 ) (196 1057.996948 140 ) (196 1046.004395 149.994827 ) (320 1043.183350 153.380005 ) 
4 8 9 (192 1046.095337 149.885635 ) (192 1032.390381 161.306366 ) (320 1031.575073 163.053528 ) (320 1043.183350 153.380005 ) 
3 9 28 (192 1046.090820 149.890961 ) (192 1032.389038 161.309128 ) (192 1027.060547 172.727417 ) 
4 9 26 (194 1046.047607 149.943466 ) (192 1046.093140 149.888870 ) (192 1036 162.001144 ) (194 1036 162.001144 ) 
4 9 25 (196 1046.002197 149.998062 ) (194 1046.047607 149.943466 ) (194 1036 162.001144 ) (196 1036 162.001144 ) 
4 9 14 (320 1043.181152 153.383194 ) (196 1046.002197 149.998062 ) (196 1036 162.001144 ) (320 1036 162.001099 ) 
4 9 10 (192 1036 162.001144 ) (192 1027.059937 172.728622 ) (320 1027.059937 172.728622 ) (320 1036 162.001099 ) 
4 10 28 (192 1036 162 ) (192 1027.060547 172.727417 ) (192 1026 175 ) (192 1024.324219 189.243408 ) 
4 10 26 (194 1036 161.998642 ) (192 1036 161.998642 ) (192 1030 176 ) (194 1030 176 ) 
4 10 25 (196 1036 161.998642 ) (194 1036 161.998642 ) (194 1030 176 ) (196 1030 176 ) 
4 10 14 (320 1036 161.998642 ) (196 1036 161.998642 ) (196 1030 176 ) (320 1030 176 ) 
4 10 11 (192 1030 176 ) (192 1024.324097 189.244263 ) (320 1024.324097 189.244263 ) (320 1030 176 ) 
4 11 28 (192 1024 192 ) (192 1025.939453 208.484970 ) (192 1030 176 ) (192 1024.324219 189.243408 ) 
4 11 26 (194 1030 176 ) (192 1030 176 ) (192 1025.939453 208.485748 ) (194 1025.939453 208.485748 ) 
4 11 25 (196 1030 176 ) (194 1030 176 ) (194 1028 192 ) (196 1028 192 ) 
4 11 23 (194 1028 192 ) (194 1025.939453 208.485748 ) (196 1025.939453 208.485748 ) (196 1028 192 ) 
4 11 14 (320 1030 176 ) (196 1030 176 ) (196 1025.939453 208.485748 ) (320 1025.939453 208.485748 ) 
4 12 28 (192 1071 254 ) (192 1085.324585 255.685242 ) (192 1044.676270 238.289398 ) (192 1056 247 ) 
4 12 26 (192 1044.677368 238.290268 ) (192 1072.055176 250.006897 ) (194 1072.026855 250.003357 ) (194 1044.702393 238.309570 ) 
4 12 25 (194 1072.026855 250.003357 ) (196 1071.998657 250 ) (196 1057.994873 244.006790 ) (194 1058.006714 244.003311 ) 
4 12 22 (196 1057.994873 244.006790 ) (196 1052.314575 241.575836 ) (194 1052.303467 241.562546 ) (194 1058.006714 244.003311 ) 
4 12 21 (196 1052.314575 241.575836 ) (196 1044.727539 238.328888 ) (194 1044.702393 238.309570 ) (194 1052.303467 241.562546 ) 
4 12 14 (196 1071.998657 250 ) (320 1070.245239 249.780655 ) (320 1046.284058 239.526215 ) (196 1044.727539 238.328888 ) 
4 12 13 (192 1072.055176 250.006897 ) (192 1085.323120 255.685074 ) (320 1083.556152 255.477188 ) (320 1070.245239 249.780655 ) 
4 13 28 (192 1072.056519 250.007080 ) (192 1085.324585 255.685242 ) (192 1088 256 ) (192 1104.484863 254.060608 ) 
4 13 26 (194 1072.029541 250.003937 ) (192 1072.057861 250.007477 ) (192 1104.483887 254.060730 ) (194 1104.483887 254.060730 ) 
4 13 25 (196 1072.001343 250 ) (194 1072.029541 250.003937 ) (194 1087.983643 251.998199 ) (196 1087.983643 251.998199 ) 
4 13 15 (194 1087.983643 251.998199 ) (194 1104.483887 254.060730 ) (196 1104.483887 254.060730 ) (196 1087.983643 251.998199 ) 
4 13 14 (320 1070.247925 249.781235 ) (196 1072.001343 250 ) (196 1104.483887 254.060730 ) (320 1104.483887 254.060730 ) 
24 14 25 (196 1088 132 ) (196 1072.014038 133.998260 ) (196 1058 140 ) (196 1046 150 ) (196 1036 162 ) (196 1030 176 ) (196 1028 192 ) (196 1030 208 ) (196 1036 222 ) (196 1046.039063 234.045853 ) (196 1057.995850 244.007553 ) (196 1071.997559 250 ) (196 1087.984619 251.998077 ) (196 1104.012695 249.994568 ) (196 1118.021240 243.982315 ) (196 1130.060791 233.940094 ) (196 1140.026367 221.968430 ) (196 1145.997803 208.018280 ) (196 1148 192 ) (196 1146 176 ) (196 1140 162 ) (196 1130 150 ) (196 1118 140 ) (196 1104 134 ) 
3 14 24 (196 1030 208 ) (196 1031 216 ) (196 1036 222 ) 
5 14 23 (196 1028 192 ) (196 1025.939453 208.485184 ) (196 1026 209 ) (196 1027.061523 211.274841 ) (196 1031 216 ) 
3 14 22 (196 1046.039063 234.045853 ) (196 1052.315063 241.576416 ) (196 1057.995850 244.007553 ) 
5 14 21 (196 1027.061523 211.274841 ) (196 1033 224 ) (196 1043 237 ) (196 1044.728516 238.329697 ) (196 1052.315063 241.576416 ) 
3 14 20 (196 1145.997803 208.018280 ) (196 1149.097168 200.777527 ) (196 1148 192 ) 
5 14 19 (196 1140.026367 221.968430 ) (196 1148.951538 211.246536 ) (196 1150 209 ) (196 1150.060547 208.484772 ) (196 1149.097168 200.777527 ) 
3 14 18 (196 1130.060791 233.940094 ) (196 1143.651367 222.604156 ) (196 1148.951538 211.246536 ) 
5 14 17 (196 1118.021240 243.982315 ) (196 1131.371826 238.252457 ) (196 1133 237 ) (196 1143 224 ) (196 1143.651367 222.604156 ) 
4 14 16 (196 1104.012695 249.994568 ) (196 1117.084473 248.360596 ) (196 1120 247 ) (196 1131.371826 238.252457 ) 
4 14 15 (196 1087.984619 251.998077 ) (196 1104.484985 254.060608 ) (196 1105 254 ) (196 1117.084473 248.360596 ) 
4 15 26 (194 1087.984619 251.998077 ) (194 1104.484985 254.060608 ) (194 1105 254 ) (194 1117.084473 248.360596 ) 
4 15 25 (194 1087.985352 251.998169 ) (194 1104.012207 249.994812 ) (196 1104.012207 249.994812 ) (196 1087.985352 251.998169 ) 
4 15 16 (194 1104.012207 249.994812 ) (194 1117.084229 248.360809 ) (196 1117.084229 248.360809 ) (196 1104.012207 249.994812 ) 
4 16 26 (194 1104.012695 249.994568 ) (194 1117.084473 248.360596 ) (194 1120 247 ) (194 1131.371826 238.252457 ) 
4 16 25 (196 1104.016357 249.994034 ) (194 1104.016357 249.994034 ) (194 1118.039307 243.975601 ) (196 1118.018677 243.984451 ) 
4 16 17 (194 1118.039307 243.975601 ) (194 1131.368774 238.254807 ) (196 1131.368774 238.254807 ) (196 1118.018677 243.984451 ) 
5 17 26 (194 1118.041870 243.973480 ) (194 1131.371826 238.252457 ) (194 1133 237 ) (194 1143 224 ) (194 1143.645020 222.617737 ) 
4 17 25 (196 1118.017700 243.984039 ) (194 1118.038330 243.975189 ) (194 1130.068726 233.940582 ) (196 1130.064209 233.936005 ) 
4 17 18 (194 1130.068726 233.940582 ) (194 1143.645996 222.615707 ) (196 1143.652344 222.602036 ) (196 1130.064209 233.936005 ) 
3 18 26 (194 1130.065308 233.944656 ) (194 1143.645020 222.617737 ) (194 1148.940918 211.269196 ) 
4 18 25 (196 1130.055176 233.944824 ) (194 1130.059692 233.949432 ) (194 1140.007935 221.998459 ) (196 1140.028076 221.964249 ) 
4 18 19 (194 1140.007935 221.998459 ) (194 1148.943237 211.264420 ) (196 1148.953857 211.241669 ) (196 1140.028076 221.964249 ) 
5 19 26 (194 1140.006226 222.002563 ) (194 1148.940918 211.269196 ) (194 1150 209 ) (194 1150.060547 208.484772 ) (194 1149.095947 200.767441 ) 
4 19 25 (196 1145.997925 208.016800 ) (196 1140.025024 221.970627 ) (194 1140.004761 222.004959 ) (194 1146 207.998505 ) 
4 19 20 (196 1149.097046 200.776840 ) (196 1145.997925 208.016800 ) (194 1146 207.998505 ) (194 1149.095825 200.766739 ) 
3 20 26 (194 1146 208 ) (194 1149.095947 200.767441 ) (194 1148 192 ) 
4 20 25 (196 1148 192 ) (196 1145.997681 208.018463 ) (194 1146 208 ) (194 1148 192 ) 
5 21 26 (194 1027.061523 211.274826 ) (194 1033 224 ) (194 1043 237 ) (194 1044.700562 238.308105 ) (194 1052.302612 241.561508 ) 
4 21 25 (194 1035.991699 221.991516 ) (194 1045.998657 233.998856 ) (196 1046.034912 234.042435 ) (196 1036.001465 222.003265 ) 
4 21 24 (194 1031 216.002365 ) (194 1035.991699 221.991516 ) (196 1036.001465 222.003265 ) (196 1031 216.002380 ) 
4 21 23 (196 1027.062378 211.277313 ) (194 1027.062378 211.277313 ) (194 1031 216.002365 ) (196 1031 216.002380 ) 
4 21 22 (194 1045.998657 233.998856 ) (194 1052.301025 241.561096 ) (196 1052.312134 241.574417 ) (196 1046.034912 234.042435 ) 
3 22 26 (194 1046.002686 234.002243 ) (194 1052.302612 241.561508 ) (194 1058.005127 244.001938 ) 
4 22 25 (196 1046.046631 234.054398 ) (194 1046.010254 234.010818 ) (194 1058 244 ) (196 1057.988403 244.003616 ) 
5 23 26 (194 1028 192 ) (194 1025.939331 208.484924 ) (194 1026 209 ) (194 1027.061523 211.274826 ) (194 1031 216 ) 
4 23 25 (194 1028 192 ) (194 1030.002319 208.016190 ) (196 1030 208 ) (196 1028 192 ) 
4 23 24 (194 1030.002319 208.016190 ) (194 1031 216 ) (196 1031 216 ) (196 1030 208 ) 
3 24 26 (194 1030.001953 208.015610 ) (194 1031 216 ) (194 1035.990356 221.988403 ) 
4 24 25 (196 1030 208.002716 ) (194 1030.002197 208.018250 ) (194 1035.988281 221.986008 ) (196 1035.998047 221.997650 ) 
24 25 26 (194 1088 132 ) (194 1072.014160 133.998245 ) (194 1057.958862 140.017624 ) (194 1046.045532 149.945389 ) (194 1036 162 ) (194 1030 176 ) (194 1028 192 ) (194 1030.001953 208.015610 ) (194 1035.990356 221.988403 ) (194 1046.002686 234.002243 ) (194 1058.005127 244.001938 ) (194 1072.029053 250.003632 ) (194 1087.984619 251.998077 ) (194 1104.012695 249.994568 ) (194 1118.041870 243.973480 ) (194 1130.065308 233.944656 ) (194 1140.006226 222.002563 ) (194 1146 208 ) (194 1148 192 ) (194 1146 176 ) (194 1140 162 ) (194 1130 150 ) (194 1118 140 ) (194 1104 134 ) 
23 26 28 (192 1025.939453 208.484970 ) (192 1026 209 ) (192 1033 224 ) (192 1043.656006 237.852798 ) (192 1072.056519 250.007080 ) (192 1104.484863 254.060608 ) (192 1105 254 ) (192 1120 247 ) (192 1133 237 ) (192 1143 224 ) (192 1150 209 ) (192 1150.060547 208.484329 ) (192 1146 176 ) (192 1140 162 ) (192 1130 150 ) (192 1118 140 ) (192 1104 134 ) (192 1088 132 ) (192 1072.014038 133.998276 ) (192 1057.917725 140.035263 ) (192 1046.090820 149.890961 ) (192 1036 162 ) (192 1030 176 ) 
4 27 30 (0 1408 128 ) (0 1408 240 ) (0 1416 240 ) (0 1416 128 ) 
4 27 28 (0 1408 240 ) (0 1408 128 ) (28 1408 128 ) (28 1408 240 ) 
4 28 72 (192 1024 128 ) (192 1024 256 ) (0 1024 256 ) (0 1024 128 ) 
4 28 30 (0 1024 128 ) (0 1024 240 ) (0 1408 240 ) (0 1408 128 ) 
4 28 29 (0 1024 240 ) (0 1024 256 ) (0 1408 256 ) (0 1408 240 ) 
4 29 83 (0 1024 240 ) (0 1024 256 ) (-28 1024 256 ) (-28 1024 240 ) 
4 29 31 (-28 1024 240 ) (-28 1024 256 ) (-28 1408 256 ) (-28 1408 240 ) 
4 29 30 (-28 1024 240 ) (-28 1408 240 ) (0 1408 240 ) (0 1024 240 ) 
4 30 83 (0 1024 128 ) (0 1024 240 ) (-28 1024 240 ) (-28 1024 128 ) 
4 30 31 (-28 1408 128 ) (-28 1024 128 ) (-28 1024 240 ) (-28 1408 240 ) 
4 31 83 (-28 1024 256 ) (-192 1024 256 ) (-192 1024 128 ) (-28 1024 128 ) 
22 31 47 (-192 1186 140 ) (-192 1174 150 ) (-192 1164 162 ) (-192 1158 176 ) (-192 1156 192 ) (-192 1157.997681 207.981705 ) (-192 1164.013916 222.036713 ) (-192 1185.298462 247.605988 ) (-192 1199 254 ) (-192 1216 256 ) (-192 1218.675537 255.685226 ) (-192 1245.982422 244 ) (-192 1258.033325 233.958893 ) (-192 1276.938477 211.274734 ) (-192 1278 209 ) (-192 1280 192 ) (-192 1278 175 ) (-192 1271.610840 161.309006 ) (-192 1246.082275 140.035217 ) (-192 1231.985840 133.998230 ) (-192 1216 132 ) (-192 1200 134 ) 
5 31 46 (-192 1164.013916 222.036713 ) (-192 1169.690186 235.297333 ) (-192 1171 237 ) (-192 1184 247 ) (-192 1185.298462 247.605942 ) 
3 31 45 (-192 1246.082275 140.035217 ) (-192 1240.046997 135.005875 ) (-192 1231.985840 133.998230 ) 
6 31 44 (-192 1248 137 ) (-192 1245.073242 135.634155 ) (-192 1240.046997 135.005875 ) (-192 1271.610840 161.309052 ) (-192 1271 160 ) (-192 1261 147 ) 
3 31 43 (-192 1216 132 ) (-192 1207.225830 130.903229 ) (-192 1200 134 ) 
5 31 42 (-192 1199.515137 129.939392 ) (-192 1199 130 ) (-192 1196.727295 131.060623 ) (-192 1186 140 ) (-192 1207.225830 130.903229 ) 
3 31 41 (-192 1196.727295 131.060623 ) (-192 1185.363647 136.363602 ) (-192 1174 150 ) 
5 31 40 (-192 1185.363647 136.363602 ) (-192 1184 137 ) (-192 1171 147 ) (-192 1169.709595 148.677490 ) (-192 1164 162 ) 
4 31 39 (-192 1169.709595 148.677490 ) (-192 1161 160 ) (-192 1159.634155 162.926651 ) (-192 1158 176 ) 
4 31 38 (-192 1159.634155 162.926651 ) (-192 1154 175 ) (-192 1153.939209 175.514023 ) (-192 1156 192 ) 
4 31 37 (-192 1218.675537 255.685226 ) (-192 1233 254 ) (-192 1235.224243 252.962036 ) (-192 1245.982422 244 ) 
4 31 36 (-192 1216 128 ) (-192 1199.515137 129.939392 ) (-192 1245.073242 135.634155 ) (-192 1233 130 ) 
4 31 35 (-192 1157.997681 207.981705 ) (-192 1159.634155 221.073196 ) (-192 1161 224 ) (-192 1169.690186 235.297333 ) 
3 31 34 (-192 1235.224243 252.962036 ) (-192 1246.633179 247.637848 ) (-192 1258.033325 233.958893 ) 
5 31 33 (-192 1246.633179 247.637848 ) (-192 1248 247 ) (-192 1261 237 ) (-192 1271 223.998856 ) (-192 1276.938477 211.274734 ) 
4 31 32 (-192 1153.939209 175.514023 ) (-192 1151.996338 191.969177 ) (-192 1154 209 ) (-192 1159.634155 221.073196 ) 
4 32 58 (-320 1156 192 ) (-320 1158.144531 209.156586 ) (-196 1158.002197 208.018188 ) (-196 1156 192 ) 
4 32 57 (-196 1158.002197 208.018188 ) (-194 1158 208 ) (-194 1156 192 ) (-196 1156 192 ) 
4 32 47 (-194 1158 208 ) (-192 1157.997559 207.981461 ) (-192 1156 192 ) (-194 1156 192 ) 
4 32 38 (-192 1153.939209 175.514328 ) (-320 1153.939209 175.514328 ) (-320 1156 192 ) (-192 1156 192 ) 
4 32 35 (-320 1158.144531 209.156586 ) (-320 1159.634033 221.073120 ) (-192 1159.634033 221.073120 ) (-192 1157.997559 207.981461 ) 
4 33 58 (-320 1276.938599 211.274460 ) (-196 1276.938599 211.274460 ) (-196 1257.960449 234.046295 ) (-320 1255.708740 236.748077 ) 
4 33 57 (-194 1268.009766 221.988281 ) (-194 1257.996826 234.002716 ) (-196 1257.960449 234.046295 ) (-196 1268 222 ) 
4 33 52 (-194 1273 216 ) (-194 1268.009766 221.988281 ) (-196 1268 222 ) (-196 1273 216 ) 
4 33 51 (-196 1276.938599 211.274460 ) (-194 1276.938599 211.274460 ) (-194 1273 216 ) (-196 1273 216 ) 
4 33 47 (-194 1276.938599 211.274460 ) (-192 1276.938599 211.274460 ) (-192 1258.033081 233.959137 ) (-194 1257.996826 234.002716 ) 
4 33 34 (-192 1258.033081 233.959137 ) (-192 1246.633179 247.637833 ) (-320 1246.633179 247.637833 ) (-320 1255.708740 236.748077 ) 
4 34 58 (-320 1246.732422 244.226349 ) (-320 1255.710327 236.746536 ) (-196 1257.962036 234.044739 ) (-196 1246.005371 244.006271 ) 
4 34 57 (-196 1257.962036 234.044739 ) (-194 1257.998291 234.001160 ) (-194 1245.993652 244.002716 ) (-196 1246.005371 244.006271 ) 
4 34 47 (-194 1257.998291 234.001160 ) (-192 1258.034668 233.957581 ) (-192 1245.981934 244 ) (-194 1245.993652 244.002716 ) 
4 34 37 (-192 1235.223877 252.962189 ) (-320 1237.549927 251.876663 ) (-320 1246.732422 244.226349 ) (-192 1245.981934 244 ) 
4 35 58 (-196 1158.002808 208.022766 ) (-320 1158.145020 209.161255 ) (-320 1162.714355 219.835938 ) (-196 1163.970703 221.964828 ) 
4 35 57 (-194 1158 208.004395 ) (-196 1158.002808 208.022766 ) (-196 1163.970703 221.964828 ) (-194 1163.990967 222 ) 
4 35 47 (-192 1157.998169 207.986038 ) (-194 1158 208.004395 ) (-194 1163.990967 222 ) (-192 1164.011230 222.033508 ) 
4 35 46 (-320 1162.714355 219.835938 ) (-320 1168.884155 234.249344 ) (-192 1169.687134 235.293243 ) (-192 1164.011230 222.033508 ) 
4 36 58 (-196 1231.985840 133.998230 ) (-320 1231.985962 133.998245 ) (-320 1216 132 ) (-196 1216 132 ) 
4 36 57 (-194 1231.985840 133.998230 ) (-196 1231.985840 133.998230 ) (-196 1216 132 ) (-194 1216 132 ) 
4 36 47 (-192 1216 132 ) (-192 1231.985840 133.998230 ) (-194 1231.985840 133.998230 ) (-194 1216 132 ) 
4 36 45 (-192 1231.985840 133.998230 ) (-192 1240.047119 135.005890 ) (-320 1238.539673 134.817459 ) (-320 1231.985962 133.998245 ) 
4 36 44 (-192 1240.047119 135.005890 ) (-192 1245.073120 135.634140 ) (-320 1245.073120 135.634140 ) (-320 1238.539673 134.817459 ) 
4 36 43 (-192 1207.225830 130.903229 ) (-192 1216 132 ) (-320 1216 132 ) (-320 1207.225830 130.903229 ) 
4 36 42 (-320 1199.515137 129.939392 ) (-192 1199.515137 129.939392 ) (-192 1207.225830 130.903229 ) (-320 1207.225830 130.903229 ) 
4 37 58 (-320 1246.730103 244.228607 ) (-196 1246.002930 244.008621 ) (-196 1218.734863 255.678238 ) (-320 1220.446655 255.476852 ) 
4 37 57 (-196 1246.002930 244.008621 ) (-194 1245.991211 244.005066 ) (-194 1231.976074 250.002975 ) (-196 1232.004395 250 ) 
4 37 54 (-194 1231.976074 250.002975 ) (-194 1224.753052 253.094131 ) (-196 1224.768555 253.096069 ) (-196 1232.004395 250 ) 
4 37 53 (-194 1224.753052 253.094131 ) (-194 1218.707275 255.681488 ) (-196 1218.734863 255.678238 ) (-196 1224.768555 253.096069 ) 
4 37 47 (-194 1245.991211 244.005066 ) (-192 1245.979492 244.001526 ) (-192 1218.679688 255.684738 ) (-194 1218.707275 255.681488 ) 
4 38 58 (-320 1156 192 ) (-196 1156 192 ) (-196 1158 176 ) (-320 1158 176 ) 
4 38 57 (-196 1156 192 ) (-194 1156 192 ) (-194 1158 176 ) (-196 1158 176 ) 
4 38 47 (-194 1156 192 ) (-192 1156 192 ) (-192 1158 176 ) (-194 1158 176 ) 
4 38 39 (-192 1158 176 ) (-192 1159.634033 162.926880 ) (-320 1159.634033 162.926880 ) (-320 1158 176 ) 
4 39 58 (-320 1158 176.003326 ) (-196 1158 176.003326 ) (-196 1164.001221 161.998596 ) (-320 1164.001221 161.998596 ) 
4 39 57 (-196 1158 176.003326 ) (-194 1158 176.003326 ) (-194 1164.001221 161.998596 ) (-196 1164.001221 161.998596 ) 
4 39 47 (-194 1158 176.003326 ) (-192 1158 176.003326 ) (-192 1164.001221 161.998596 ) (-194 1164.001221 161.998596 ) 
4 39 40 (-192 1164.001221 161.998596 ) (-192 1169.711060 148.675568 ) (-320 1169.711060 148.675568 ) (-320 1164.001221 161.998596 ) 
4 40 58 (-320 1164.001465 161.995087 ) (-196 1164.001465 161.995087 ) (-196 1173.991455 150.007111 ) (-320 1173.991455 150.007111 ) 
4 40 57 (-196 1164.001465 161.995087 ) (-194 1164.001465 161.995087 ) (-194 1173.991455 150.007111 ) (-196 1173.991455 150.007111 ) 
4 40 47 (-194 1164.001465 161.995087 ) (-192 1164.001465 161.995087 ) (-192 1173.991455 150.007111 ) (-194 1173.991455 150.007111 ) 
4 40 41 (-192 1173.991455 150.007111 ) (-192 1185.359375 136.365662 ) (-320 1185.359375 136.365662 ) (-320 1173.991455 150.007111 ) 
4 41 58 (-320 1174 150 ) (-196 1174 150 ) (-196 1186.001465 140 ) (-320 1186.001465 140 ) 
4 41 57 (-196 1174 150 ) (-194 1174 150 ) (-194 1186.001465 140 ) (-196 1186.001465 140 ) 
4 41 47 (-194 1174 150 ) (-192 1174 150 ) (-192 1186.001465 140 ) (-194 1186.001465 140 ) 
4 41 42 (-192 1186.001465 140 ) (-192 1196.728882 131.059891 ) (-320 1196.728882 131.059891 ) (-320 1186.001465 140 ) 
4 42 58 (-320 1186.004028 139.997452 ) (-196 1186.004028 139.997452 ) (-196 1199.997314 134 ) (-320 1199.997314 134 ) 
4 42 57 (-196 1186.004028 139.997452 ) (-194 1186.004028 139.997452 ) (-194 1199.997314 134 ) (-196 1199.997314 134 ) 
4 42 47 (-194 1186.004028 139.997452 ) (-192 1186.004028 139.997452 ) (-192 1199.997314 134 ) (-194 1199.997314 134 ) 
4 42 43 (-192 1199.997314 134 ) (-192 1207.224365 130.903046 ) (-320 1207.224365 130.903046 ) (-320 1199.997314 134 ) 
4 43 58 (-320 1199.998535 134 ) (-196 1199.998535 134 ) (-196 1216 132 ) (-320 1216 132 ) 
4 43 57 (-196 1199.998535 134 ) (-194 1199.998535 134 ) (-194 1216 132 ) (-196 1216 132 ) 
4 43 47 (-194 1199.998535 134 ) (-192 1199.998535 134 ) (-192 1216 132 ) (-194 1216 132 ) 
4 44 58 (-196 1271.637085 161.365173 ) (-320 1272.426880 163.057770 ) (-320 1243.443970 138.905334 ) (-196 1245.997437 139.998886 ) 
4 44 57 (-196 1258.002686 150.003174 ) (-196 1245.997437 139.998886 ) (-194 1246.038574 140.016525 ) (-194 1257.957275 149.948715 ) 
4 44 48 (-194 1271.624268 161.337875 ) (-196 1271.637085 161.365173 ) (-196 1258.002686 150.003174 ) (-194 1257.957275 149.948715 ) 
4 44 47 (-192 1246.079834 140.034164 ) (-192 1271.611572 161.310577 ) (-194 1271.624268 161.337875 ) (-194 1246.038574 140.016525 ) 
4 44 45 (-320 1238.538330 134.817291 ) (-192 1240.045654 135.005707 ) (-192 1246.079834 140.034164 ) (-320 1243.443970 138.905334 ) 
4 45 58 (-196 1246.002075 140.001663 ) (-320 1243.448608 138.908081 ) (-320 1231.983398 133.997925 ) (-196 1231.983398 133.997925 ) 
4 45 57 (-194 1246.043213 140.019302 ) (-196 1246.002075 140.001663 ) (-196 1231.983398 133.997925 ) (-194 1231.983398 133.997925 ) 
4 45 47 (-192 1246.084473 140.036942 ) (-194 1246.043213 140.019302 ) (-194 1231.983398 133.997925 ) (-192 1231.983398 133.997925 ) 
4 46 58 (-196 1163.972656 221.966125 ) (-320 1162.716431 219.837296 ) (-320 1186.170532 248.012924 ) (-196 1185.327026 247.619278 ) 
4 46 57 (-194 1163.992920 222 ) (-196 1163.972656 221.966125 ) (-196 1173.942139 233.942459 ) (-194 1173.937500 233.947006 ) 
4 46 56 (-196 1173.942139 233.942459 ) (-196 1180.254395 241.525467 ) (-194 1180.241455 241.519943 ) (-194 1173.937500 233.947006 ) 
4 46 55 (-196 1180.254395 241.525467 ) (-196 1185.327026 247.619278 ) (-194 1185.313477 247.612930 ) (-194 1180.241455 241.519943 ) 
4 46 47 (-192 1185.299805 247.606583 ) (-192 1164.013184 222.034790 ) (-194 1163.992920 222 ) (-194 1185.313477 247.612930 ) 
24 47 57 (-194 1257.954102 149.944977 ) (-194 1246.042480 140.018677 ) (-194 1231.984253 133.998032 ) (-194 1216 132 ) (-194 1200 134 ) (-194 1186 140 ) (-194 1174 150 ) (-194 1164 162 ) (-194 1158 176 ) (-194 1156 192 ) (-194 1158 208 ) (-194 1163.993286 222.001480 ) (-194 1173.935913 233.945663 ) (-194 1185.958130 243.973465 ) (-194 1200 250 ) (-194 1216 252 ) (-194 1231.971924 250.003494 ) (-194 1245.994263 244.002502 ) (-194 1257.997070 234.002502 ) (-194 1268.009521 221.988632 ) (-194 1273.998047 208.015244 ) (-194 1276 192 ) (-194 1274 176 ) (-194 1268 162 ) 
3 47 56 (-194 1173.935913 233.945663 ) (-194 1180.240723 241.519623 ) (-194 1185.958130 243.973465 ) 
4 47 55 (-194 1180.240723 241.519623 ) (-194 1185.312744 247.612610 ) (-194 1186.926880 248.365845 ) (-194 1200 250 ) 
3 47 54 (-194 1216 252 ) (-194 1224.750854 253.093842 ) (-194 1231.971924 250.003494 ) 
5 47 53 (-194 1186.926880 248.365845 ) (-194 1199 254 ) (-194 1216 256 ) (-194 1218.703247 255.681961 ) (-194 1224.750854 253.093842 ) 
3 47 52 (-194 1268.009521 221.988632 ) (-194 1273 216 ) (-194 1273.998047 208.015244 ) 
5 47 51 (-194 1273 216 ) (-194 1276.938477 211.274780 ) (-194 1278 209 ) (-194 1278.060547 208.485031 ) (-194 1276 192 ) 
4 47 50 (-194 1278.060547 208.485031 ) (-194 1280 192 ) (-194 1279.675659 189.243088 ) (-194 1274 176 ) 
4 47 49 (-194 1279.675659 189.243088 ) (-194 1278 175 ) (-194 1276.939453 172.727341 ) (-194 1268 162 ) 
3 47 48 (-194 1271.623657 161.336243 ) (-194 1257.954102 149.944977 ) (-194 1276.939453 172.727341 ) 
3 48 58 (-196 1271.636230 161.363571 ) (-196 1258 150 ) (-196 1276.939453 172.727356 ) 
4 48 57 (-194 1257.960693 149.950516 ) (-194 1267.998047 161.995422 ) (-196 1267.998047 161.995483 ) (-196 1258.006104 150.005112 ) 
4 48 49 (-194 1267.998047 161.995422 ) (-194 1276.937378 172.722595 ) (-196 1276.937378 172.722595 ) (-196 1267.998047 161.995483 ) 
4 49 58 (-196 1279.675659 189.243240 ) (-196 1278 175 ) (-196 1276.939453 172.727356 ) (-196 1268 162 ) 
4 49 57 (-196 1268 162 ) (-194 1268 162 ) (-194 1274 176.001862 ) (-196 1274 176.001862 ) 
4 49 50 (-194 1274 176.001862 ) (-194 1279.675903 189.245041 ) (-196 1279.675903 189.245041 ) (-196 1274 176.001862 ) 
4 50 58 (-196 1278.060547 208.484940 ) (-196 1280 192 ) (-196 1279.675659 189.243240 ) (-196 1274 176 ) 
4 50 57 (-196 1274 176.002426 ) (-194 1274 176.002426 ) (-194 1276 192 ) (-196 1276 192 ) 
4 50 51 (-194 1276 192 ) (-194 1278.060669 208.484009 ) (-196 1278.060669 208.484009 ) (-196 1276 192 ) 
5 51 58 (-196 1273 216 ) (-196 1276.938477 211.274658 ) (-196 1278 209 ) (-196 1278.060547 208.484940 ) (-196 1276 192 ) 
4 51 57 (-196 1274 208 ) (-196 1276 192 ) (-194 1276 192 ) (-194 1273.997681 208.016251 ) 
4 51 52 (-196 1273 216 ) (-196 1274 208 ) (-194 1273.997681 208.016251 ) (-194 1273 216.001007 ) 
3 52 58 (-196 1268 222 ) (-196 1273 216 ) (-196 1274 208 ) 
4 52 57 (-196 1267.998657 222.001556 ) (-196 1274 207.998886 ) (-194 1273.997925 208.014420 ) (-194 1268.008423 221.989868 ) 
5 53 58 (-196 1186.926758 248.365845 ) (-196 1199 254 ) (-196 1216 256 ) (-196 1218.730713 255.678726 ) (-196 1224.766235 253.095779 ) 
4 53 57 (-196 1200 250 ) (-196 1215.998901 252 ) (-194 1215.998901 252 ) (-194 1200 250 ) 
4 53 55 (-194 1186.928223 248.366287 ) (-196 1186.928223 248.366287 ) (-196 1200 250 ) (-194 1200 250 ) 
4 53 54 (-196 1215.998901 252 ) (-196 1224.765747 253.095993 ) (-194 1224.750244 253.094040 ) (-194 1215.998901 252 ) 
3 54 58 (-196 1216 252 ) (-196 1224.766235 253.095779 ) (-196 1232 250 ) 
4 54 57 (-194 1216 252 ) (-196 1216 252 ) (-196 1232 250 ) (-194 1231.972656 250.003174 ) 
4 55 58 (-196 1180.252563 241.524719 ) (-196 1185.325195 247.618454 ) (-196 1186.926758 248.365845 ) (-196 1200 250 ) 
4 55 57 (-196 1185.978149 243.981781 ) (-196 1200 250 ) (-194 1200 250 ) (-194 1185.957520 243.972946 ) 
4 55 56 (-196 1180.252808 241.524551 ) (-196 1185.978149 243.981781 ) (-194 1185.957520 243.972946 ) (-194 1180.239868 241.518997 ) 
3 56 58 (-196 1173.938232 233.939209 ) (-196 1180.252563 241.524719 ) (-196 1185.978882 243.982346 ) 
4 56 57 (-196 1173.941162 233.942413 ) (-196 1185.977783 243.982193 ) (-194 1185.957153 243.973343 ) (-194 1173.936768 233.947052 ) 
24 57 58 (-196 1258 150 ) (-196 1245.998291 139.998550 ) (-196 1231.988281 133.998535 ) (-196 1216 132 ) (-196 1200 134 ) (-196 1186 140 ) (-196 1174 150 ) (-196 1164 162 ) (-196 1158 176 ) (-196 1156 192 ) (-196 1158.002319 208.018555 ) (-196 1163.973755 221.968735 ) (-196 1173.938232 233.939209 ) (-196 1185.978882 243.982346 ) (-196 1200 250 ) (-196 1216 252 ) (-196 1232 250 ) (-196 1246.006104 244.005981 ) (-196 1257.960693 234.046127 ) (-196 1268 222 ) (-196 1274 208 ) (-196 1276 192 ) (-196 1274 176 ) (-196 1268 162 ) 
4 59 77 (656 0 384 ) (656 0 512 ) (560 0 512 ) (560 0 384 ) 
4 59 61 (560 128 384 ) (560 0 384 ) (560 0 512 ) (560 128 512 ) 
4 59 60 (560 384 384 ) (560 128 384 ) (560 128 512 ) (560 384 512 ) 
4 60 62 (544 384 384 ) (544 128 384 ) (544 128 512 ) (544 384 512 ) 
4 60 61 (544 128 512 ) (544 128 384 ) (560 128 384 ) (560 128 512 ) 
4 61 77 (560 0 512 ) (544 0 512 ) (544 0 384 ) (560 0 384 ) 
4 61 62 (544 128 384 ) (544 0 384 ) (544 0 512 ) (544 128 512 ) 
4 62 77 (544 0 512 ) (528 0 512 ) (528 0 384 ) (544 0 384 ) 
4 62 64 (528 384 512 ) (528 384 384 ) (528 128 384 ) (528 128 512 ) 
4 63 78 (656 0 128 ) (656 0 256 ) (528 0 256 ) (528 0 128 ) 
4 63 65 (528 384 256 ) (528 384 128 ) (528 128 128 ) (528 128 256 ) 
4 64 68 (512 128 512 ) (512 384 512 ) (512 384 384 ) (512 128 384 ) 
4 65 74 (512 128 256 ) (512 384 256 ) (512 384 128 ) (512 128 128 ) 
4 66 68 (160 288 512 ) (288 288 512 ) (288 32 512 ) (160 32 512 ) 
4 66 67 (160 160 512 ) (160 32 512 ) (160 32 528 ) (160 160 528 ) 
4 67 91 (0 160 512 ) (0 32 512 ) (0 32 528 ) (0 160 528 ) 
4 67 69 (0 32 512 ) (0 160 512 ) (128 160 512 ) (128 32 512 ) 
4 67 68 (128 160 512 ) (160 160 512 ) (160 32 512 ) (128 32 512 ) 
4 68 81 (288 0 512 ) (128 0 512 ) (128 0 384 ) (288 0 384 ) 
4 68 80 (512 0 384 ) (512 0 512 ) (288 0 512 ) (288 0 384 ) 
4 68 71 (512 512 384 ) (512 0 384 ) (128 0 384 ) (128 512 384 ) 
4 68 69 (128 512 384 ) (128 0 384 ) (128 0 512 ) (128 512 512 ) 
4 69 93 (0 512 384 ) (0 0 384 ) (0 0 512 ) (0 512 512 ) 
4 69 89 (0 544 384 ) (0 512 384 ) (0 512 512 ) (0 544 512 ) 
4 69 86 (0 864 384 ) (0 672 384 ) (0 672 512 ) (0 864 512 ) 
4 69 88 (0 672 384 ) (0 544 384 ) (0 544 512 ) (0 672 512 ) 
4 69 81 (128 0 512 ) (0 0 512 ) (0 0 384 ) (128 0 384 ) 
4 69 71 (128 512 384 ) (128 0 384 ) (0 0 384 ) (0 512 384 ) 
4 69 70 (128 672 384 ) (128 544 384 ) (0 544 384 ) (0 672 384 ) 
4 70 88 (0 672 256 ) (0 544 256 ) (0 544 384 ) (0 672 384 ) 
4 70 75 (0 544 256 ) (0 672 256 ) (128 672 256 ) (128 544 256 ) 
4 71 93 (0 512 256 ) (0 0 256 ) (0 0 384 ) (0 512 384 ) 
4 71 81 (288 0 384 ) (0 0 384 ) (0 0 256 ) (288 0 256 ) 
4 71 80 (512 0 256 ) (512 0 384 ) (288 0 384 ) (288 0 256 ) 
4 71 74 (128 512 256 ) (512 512 256 ) (512 0 256 ) (128 0 256 ) 
4 71 75 (0 0 256 ) (0 512 256 ) (128 512 256 ) (128 0 256 ) 
4 72 83 (0 1024 256 ) (0 1024 128 ) (0 896 128 ) (0 896 256 ) 
4 72 73 (0 896 128 ) (28 896 128 ) (28 896 240 ) (0 896 240 ) 
4 73 85 (0 896 128 ) (0 864 128 ) (0 864 240 ) (0 896 240 ) 
4 73 75 (0 864 128 ) (28 864 128 ) (28 864 240 ) (0 864 240 ) 
4 74 81 (288 0 256 ) (128 0 256 ) (128 0 128 ) (288 0 128 ) 
4 74 80 (512 0 128 ) (512 0 256 ) (288 0 256 ) (288 0 128 ) 
4 74 76 (512 512 128 ) (512 0 128 ) (128 0 128 ) (128 512 128 ) 
4 74 75 (128 512 128 ) (128 0 128 ) (128 0 256 ) (128 512 256 ) 
4 75 93 (0 512 128 ) (0 0 128 ) (0 0 256 ) (0 512 256 ) 
4 75 90 (0 544 128 ) (0 512 128 ) (0 512 256 ) (0 544 256 ) 
4 75 87 (0 864 128 ) (0 672 128 ) (0 672 256 ) (0 864 256 ) 
4 75 88 (0 672 128 ) (0 544 128 ) (0 544 256 ) (0 672 256 ) 
4 75 81 (128 0 256 ) (0 0 256 ) (0 0 128 ) (128 0 128 ) 
4 75 76 (0 0 128 ) (0 512 128 ) (128 512 128 ) (128 0 128 ) 
4 76 93 (0 512 0 ) (0 0 0 ) (0 0 128 ) (0 512 128 ) 
4 76 81 (288 0 128 ) (0 0 128 ) (0 0 0 ) (288 0 0 ) 
4 76 80 (512 0 0 ) (512 0 128 ) (288 0 128 ) (288 0 0 ) 
4 77 79 (528 -384 512 ) (528 -128 512 ) (528 -128 384 ) (528 -384 384 ) 
4 79 80 (512 -128 384 ) (512 -384 384 ) (512 -384 512 ) (512 -128 512 ) 
4 80 82 (448 -512 512 ) (288 -512 512 ) (288 -512 384 ) (448 -512 384 ) 
4 80 81 (288 0 0 ) (288 -512 0 ) (288 -512 512 ) (288 0 512 ) 
4 81 102 (0 -512 0 ) (0 -512 512 ) (0 0 512 ) (0 0 0 ) 
4 81 82 (0 -512 512 ) (0 -512 384 ) (288 -512 384 ) (288 -512 512 ) 
4 82 106 (0 -528 384 ) (0 -528 640 ) (0 -512 640 ) (0 -512 384 ) 
4 83 85 (-28 896 128 ) (0 896 128 ) (0 896 240 ) (-28 896 240 ) 
4 84 86 (-64 864 384 ) (-8 864 384 ) (-8 864 496 ) (-64 864 496 ) 
4 85 87 (0 864 128 ) (0 864 240 ) (-28 864 240 ) (-28 864 128 ) 
4 86 88 (0 672 384 ) (0 672 512 ) (-128 672 512 ) (-128 672 384 ) 
4 87 88 (-128 672 128 ) (0 672 128 ) (0 672 256 ) (-128 672 256 ) 
4 88 90 (0 544 128 ) (0 544 256 ) (-128 544 256 ) (-128 544 128 ) 
4 88 89 (0 544 384 ) (0 544 512 ) (-128 544 512 ) (-128 544 384 ) 
4 89 93 (-128 512 384 ) (0 512 384 ) (0 512 512 ) (-128 512 512 ) 
4 90 93 (-128 512 128 ) (0 512 128 ) (0 512 256 ) (-128 512 256 ) 
4 91 92 (-352 160 512 ) (-352 32 512 ) (-352 32 528 ) (-352 160 528 ) 
4 91 93 (0 160 512 ) (0 32 512 ) (-352 32 512 ) (-352 160 512 ) 
4 92 101 (-352 0 528 ) (-480 0 528 ) (-480 0 512 ) (-352 0 512 ) 
4 92 93 (-352 160 512 ) (-352 0 512 ) (-480 0 512 ) (-480 160 512 ) 
4 93 102 (0 0 0 ) (0 0 512 ) (-512 0 512 ) (-512 0 0 ) 
4 93 95 (-512 128 256 ) (-512 384 256 ) (-512 384 128 ) (-512 128 128 ) 
4 93 94 (-512 128 512 ) (-512 384 512 ) (-512 384 384 ) (-512 128 384 ) 
4 94 96 (-528 384 512 ) (-528 384 384 ) (-528 128 384 ) (-528 128 512 ) 
4 95 100 (-528 384 256 ) (-528 384 128 ) (-528 128 128 ) (-528 128 256 ) 
4 96 104 (-528 0 384 ) (-528 0 512 ) (-544 0 512 ) (-544 0 384 ) 
4 96 98 (-544 128 384 ) (-544 0 384 ) (-544 0 512 ) (-544 128 512 ) 
4 96 97 (-544 384 384 ) (-544 128 384 ) (-544 128 512 ) (-544 384 512 ) 
4 97 99 (-560 384 384 ) (-560 128 384 ) (-560 128 512 ) (-560 384 512 ) 
4 97 98 (-560 128 512 ) (-560 128 384 ) (-544 128 384 ) (-544 128 512 ) 
4 98 104 (-544 0 512 ) (-560 0 512 ) (-560 0 384 ) (-544 0 384 ) 
4 98 99 (-560 128 384 ) (-560 0 384 ) (-560 0 512 ) (-560 128 512 ) 
4 99 104 (-560 0 512 ) (-656 0 512 ) (-656 0 384 ) (-560 0 384 ) 
4 100 105 (-528 0 128 ) (-528 0 256 ) (-656 0 256 ) (-656 0 128 ) 
4 101 102 (-480 0 512 ) (-352 0 512 ) (-352 -480 512 ) (-480 -480 512 ) 
4 102 106 (0 -512 384 ) (0 -512 512 ) (-448 -512 512 ) (-448 -512 384 ) 
4 102 103 (-512 -384 512 ) (-512 -128 512 ) (-512 -128 384 ) (-512 -384 384 ) 
4 103 104 (-528 -128 384 ) (-528 -384 384 ) (-528 -384 512 ) (-528 -128 512 ) 
